<?xml version="1.0" encoding="UTF-8"?>
<testsuites name="Regression Test Suite" time="331.681" tests="20" failures="1" errors="1">
   <testsuite name="Regression Test Suite" tests="20" failures="1" errors="1" time="331.681" skipped="0" timestamp="2022-02-22 15:33:33" hostname="LENOVO - DESKTOP-TMI6UL6" id="Test Suites/Regression Test Suite">
      <properties>
         <property name="deviceName" value=""/>
         <property name="devicePlatform" value=""/>
         <property name="logFolder" value="C:\\Users\\LENOVO\\git\\CrossCountry\\Reports\\20220222_153321\\Regression Test Suite\\20220222_153323"/>
         <property name="logFiles" value="C:\\Users\\LENOVO\\git\\CrossCountry\\Reports\\20220222_153321\\Regression Test Suite\\20220222_153323\\execution0.log"/>
         <property name="attachments" value="keyes\keyes-login page.png, keyes\keyes-appointment page.png, keyes\keyes-booked appointment.png, C:\\Users\\LENOVO\\git\\CrossCountry\\Reports\\20220222_153321\\Regression Test Suite\\20220222_153323\\1645524248208.png"/>
         <property name="hostName" value="LENOVO - DESKTOP-TMI6UL6"/>
         <property name="os" value="Windows 10 64bit"/>
         <property name="katalonVersion" value="8.2.5.208"/>
         <property name="browser" value="Chrome 98.0.4758.102"/>
         <property name="hostAddress" value="192.168.29.241"/>
         <property name="sessionId" value="957bd5a9285172f52bb1fd1c185c9df1"/>
         <property name="seleniumVersion" value="3.141.59"/>
         <property name="proxyInformation" value="ProxyInformation { proxyOption=NO_PROXY, proxyServerType=HTTP, username=, password=********, proxyServerAddress=, proxyServerPort=0, executionList=&quot;&quot;, isApplyToDesiredCapabilities=true }"/>
         <property name="platform" value="Windows 10"/>
      </properties>
      <testcase name="Test Cases/Main Test Cases/TC03_Visual Testing Example" time="36.193" classname="Test Cases/Main Test Cases/TC03_Visual Testing Example" status="PASSED">
         <system-out><![CDATA[2022-02-22 15:33:33 - [TEST_CASE][PASSED] - Test Cases/Main Test Cases/TC03_Visual Testing Example: Test Cases/Main Test Cases/TC03_Visual Testing Example

2022-02-22 15:33:34 - [TEST_STEP][PASSED] - comment("Story: Book an appointment"): Story: Book an appointment

2022-02-22 15:33:34 - [MESSAGE][INFO] - Story: Book an appointment

2022-02-22 15:33:34 - [TEST_STEP][PASSED] - comment("Given that the user has logged into their account"): Given that the user has logged into their account

2022-02-22 15:33:34 - [MESSAGE][INFO] - Given that the user has logged into their account

2022-02-22 15:33:34 - [TEST_STEP][PASSED] - openBrowser(G_SiteURL): Browser is opened with url: 'http://demoaut.katalon.com'

2022-02-22 15:33:36 - [MESSAGE][INFO] - Starting 'Chrome' driver

2022-02-22 15:33:36 - [MESSAGE][INFO] - Action delay is set to 0 milliseconds

2022-02-22 15:33:46 - [MESSAGE][PASSED] - Browser is opened with url: 'http://demoaut.katalon.com'

2022-02-22 15:33:46 - [TEST_STEP][PASSED] - takeScreenshotAsCheckpoint("login page"): Taking screenshot successfully

2022-02-22 15:33:47 - [MESSAGE][INFO] - 0 hidden object(s)

2022-02-22 15:33:47 - [MESSAGE][PASSED] - Taking screenshot successfully
[[ATTACHMENT|keyes\keyes-login page.png]]

2022-02-22 15:33:47 - [TEST_STEP][PASSED] - callTestCase(findTestCase("Common Test Cases/Login"), ["Username":findTestData("TestData").getValue(1, 1), "Password":findTestData("TestData").getValue(2, 1)], STOP_ON_FAILURE): Call Test Case 'Test Cases/Common Test Cases/Login' successfully

2022-02-22 15:33:49 - [TEST_CASE][PASSED] - Test Cases/Common Test Cases/Login: Test Cases/Common Test Cases/Login

2022-02-22 15:33:50 - [TEST_STEP][PASSED] - click(findTestObject("Page_CuraHomepage/btn_MakeAppointment")): Object: 'Object Repository/Page_CuraHomepage/btn_MakeAppointment' is clicked on

2022-02-22 15:33:51 - [MESSAGE][PASSED] - Object: 'Object Repository/Page_CuraHomepage/btn_MakeAppointment' is clicked on

2022-02-22 15:33:51 - [TEST_STEP][PASSED] - setText(findTestObject("Page_Login/txt_UserName"), Username): Text 'John Doe' is set on object 'Object Repository/Page_Login/txt_UserName'

2022-02-22 15:33:52 - [MESSAGE][PASSED] - Text 'John Doe' is set on object 'Object Repository/Page_Login/txt_UserName'

2022-02-22 15:33:52 - [TEST_STEP][PASSED] - setText(findTestObject("Page_Login/txt_Password"), Password): Text 'ThisIsNotAPassword' is set on object 'Object Repository/Page_Login/txt_Password'

2022-02-22 15:33:53 - [MESSAGE][PASSED] - Text 'ThisIsNotAPassword' is set on object 'Object Repository/Page_Login/txt_Password'

2022-02-22 15:33:53 - [TEST_STEP][PASSED] - click(findTestObject("Page_Login/btn_Login")): Object: 'Object Repository/Page_Login/btn_Login' is clicked on

2022-02-22 15:33:54 - [MESSAGE][PASSED] - Object: 'Object Repository/Page_Login/btn_Login' is clicked on

2022-02-22 15:33:54 - [TEST_STEP][PASSED] - landingPage = verifyElementPresent(findTestObject("Page_CuraAppointment/div_Appointment"), G_Timeout): Object 'Object Repository/Page_CuraAppointment/div_Appointment' is present

2022-02-22 15:33:55 - [MESSAGE][PASSED] - Object 'Object Repository/Page_CuraAppointment/div_Appointment' is present

2022-02-22 15:33:55 - [MESSAGE][PASSED] - Call Test Case 'Test Cases/Common Test Cases/Login' successfully

2022-02-22 15:33:55 - [TEST_STEP][PASSED] - comment("And Appointment page is displayed"): And Appointment page is displayed

2022-02-22 15:33:55 - [MESSAGE][INFO] - And Appointment page is displayed

2022-02-22 15:33:55 - [TEST_STEP][PASSED] - if (true): Text 'Please make appointment as soon as possible.' is set on object 'Object Repository/Page_CuraAppointment/txt_Comment'

2022-02-22 15:33:55 - [TEST_STEP][PASSED] - takeScreenshotAsCheckpoint("appointment page"): Taking screenshot successfully

2022-02-22 15:33:56 - [MESSAGE][INFO] - 0 hidden object(s)

2022-02-22 15:33:56 - [MESSAGE][PASSED] - Taking screenshot successfully
[[ATTACHMENT|keyes\keyes-appointment page.png]]

2022-02-22 15:33:56 - [TEST_STEP][PASSED] - selectOptionByLabel(findTestObject("Page_CuraAppointment/lst_Facility"), "Hongkong CURA Healthcare Center", false): All options with label 'Hongkong CURA Healthcare Center' are selected in object 'Object Repository/Page_CuraAppointment/lst_Facility' 

2022-02-22 15:33:57 - [MESSAGE][PASSED] - All options with label 'Hongkong CURA Healthcare Center' are selected in object 'Object Repository/Page_CuraAppointment/lst_Facility' 

2022-02-22 15:33:57 - [TEST_STEP][PASSED] - check(findTestObject("Page_CuraAppointment/chk_Medicaid")): Object 'Object Repository/Page_CuraAppointment/chk_Medicaid' is checked

2022-02-22 15:33:58 - [MESSAGE][PASSED] - Object 'Object Repository/Page_CuraAppointment/chk_Medicaid' is checked

2022-02-22 15:33:58 - [TEST_STEP][PASSED] - check(findTestObject("Page_CuraAppointment/chk_Readmission")): Object 'Object Repository/Page_CuraAppointment/chk_Readmission' is checked

2022-02-22 15:33:58 - [MESSAGE][PASSED] - Object 'Object Repository/Page_CuraAppointment/chk_Readmission' is checked

2022-02-22 15:33:58 - [TEST_STEP][PASSED] - setText(findTestObject("Page_CuraAppointment/txt_VisitDate"), "27/12/2016"): Text '27/12/2016' is set on object 'Object Repository/Page_CuraAppointment/txt_VisitDate'

2022-02-22 15:33:59 - [MESSAGE][PASSED] - Text '27/12/2016' is set on object 'Object Repository/Page_CuraAppointment/txt_VisitDate'

2022-02-22 15:33:59 - [TEST_STEP][PASSED] - setText(findTestObject("Page_CuraAppointment/txt_Comment"), "Please make appointment as soon as possible."): Text 'Please make appointment as soon as possible.' is set on object 'Object Repository/Page_CuraAppointment/txt_Comment'

2022-02-22 15:34:00 - [MESSAGE][PASSED] - Text 'Please make appointment as soon as possible.' is set on object 'Object Repository/Page_CuraAppointment/txt_Comment'

2022-02-22 15:34:00 - [TEST_STEP][PASSED] - comment("When he fills in valid information in Appointment page"): When he fills in valid information in Appointment page

2022-02-22 15:34:00 - [MESSAGE][INFO] - When he fills in valid information in Appointment page

2022-02-22 15:34:00 - [TEST_STEP][PASSED] - click(findTestObject("Page_CuraAppointment/btn_BookAppointment")): Object: 'Object Repository/Page_CuraAppointment/btn_BookAppointment' is clicked on

2022-02-22 15:34:01 - [MESSAGE][PASSED] - Object: 'Object Repository/Page_CuraAppointment/btn_BookAppointment' is clicked on

2022-02-22 15:34:01 - [TEST_STEP][PASSED] - verifyTextPresent("Appointment Confirmation", false): Text 'Appointment Confirmation' is present on page 

2022-02-22 15:34:02 - [MESSAGE][PASSED] - Text 'Appointment Confirmation' is present on page 

2022-02-22 15:34:02 - [TEST_STEP][PASSED] - comment("Then he should be able to book a new appointment"): Then he should be able to book a new appointment

2022-02-22 15:34:02 - [MESSAGE][INFO] - Then he should be able to book a new appointment

2022-02-22 15:34:02 - [TEST_STEP][PASSED] - if (true): Actual text 'Please make appointment as soon as possible.' and expected text 'Please make appointment as soon as possible.' are matched 

2022-02-22 15:34:02 - [TEST_STEP][PASSED] - takeFullPageScreenshotAsCheckpoint("booked appointment", [findTestObject("Page_AppointmentConfirmation/lbl_VisitDate")]): Taking screenshot successfully

2022-02-22 15:34:02 - [MESSAGE][WARNING] - Timeout '0' is invalid. Using default page load timeout: '30'

2022-02-22 15:34:02 - [MESSAGE][INFO] - 1 hidden object(s)

2022-02-22 15:34:04 - [MESSAGE][INFO] - 0 hidden object(s)

2022-02-22 15:34:05 - [MESSAGE][PASSED] - Taking screenshot successfully
[[ATTACHMENT|keyes\keyes-booked appointment.png]]

2022-02-22 15:34:05 - [TEST_STEP][PASSED] - verifyMatch("Hongkong CURA Healthcare Center", getText(findTestObject("Page_AppointmentConfirmation/lbl_Facility")), false): Actual text 'Hongkong CURA Healthcare Center' and expected text 'Hongkong CURA Healthcare Center' are matched 

2022-02-22 15:34:05 - [MESSAGE][PASSED] - Text of object 'Object Repository/Page_AppointmentConfirmation/lbl_Facility' is: 'Hongkong CURA Healthcare Center'

2022-02-22 15:34:05 - [MESSAGE][PASSED] - Actual text 'Hongkong CURA Healthcare Center' and expected text 'Hongkong CURA Healthcare Center' are matched 

2022-02-22 15:34:05 - [TEST_STEP][PASSED] - verifyMatch("Yes", getText(findTestObject("Page_AppointmentConfirmation/lbl_HospitalReadmission")), false): Actual text 'Yes' and expected text 'Yes' are matched 

2022-02-22 15:34:06 - [MESSAGE][PASSED] - Text of object 'Object Repository/Page_AppointmentConfirmation/lbl_HospitalReadmission' is: 'Yes'

2022-02-22 15:34:06 - [MESSAGE][PASSED] - Actual text 'Yes' and expected text 'Yes' are matched 

2022-02-22 15:34:06 - [TEST_STEP][PASSED] - verifyMatch("Medicaid", getText(findTestObject("Page_AppointmentConfirmation/lbl_Program")), false): Actual text 'Medicaid' and expected text 'Medicaid' are matched 

2022-02-22 15:34:06 - [MESSAGE][PASSED] - Text of object 'Object Repository/Page_AppointmentConfirmation/lbl_Program' is: 'Medicaid'

2022-02-22 15:34:06 - [MESSAGE][PASSED] - Actual text 'Medicaid' and expected text 'Medicaid' are matched 

2022-02-22 15:34:06 - [TEST_STEP][PASSED] - verifyMatch("27/12/2016", getText(findTestObject("Page_AppointmentConfirmation/lbl_VisitDate")), false): Actual text '27/12/2016' and expected text '27/12/2016' are matched 

2022-02-22 15:34:07 - [MESSAGE][PASSED] - Text of object 'Object Repository/Page_AppointmentConfirmation/lbl_VisitDate' is: '27/12/2016'

2022-02-22 15:34:07 - [MESSAGE][PASSED] - Actual text '27/12/2016' and expected text '27/12/2016' are matched 

2022-02-22 15:34:07 - [TEST_STEP][PASSED] - verifyMatch("Please make appointment as soon as possible.", getText(findTestObject("Page_AppointmentConfirmation/lbl_Comment")), false): Actual text 'Please make appointment as soon as possible.' and expected text 'Please make appointment as soon as possible.' are matched 

2022-02-22 15:34:07 - [MESSAGE][PASSED] - Text of object 'Object Repository/Page_AppointmentConfirmation/lbl_Comment' is: 'Please make appointment as soon as possible.'

2022-02-22 15:34:07 - [MESSAGE][PASSED] - Actual text 'Please make appointment as soon as possible.' and expected text 'Please make appointment as soon as possible.' are matched 

2022-02-22 15:34:07 - [TEST_STEP][PASSED] - takeScreenshot(): Taking screenshot successfully

2022-02-22 15:34:09 - [MESSAGE][PASSED] - Taking screenshot successfully
[[ATTACHMENT|C:\\Users\\LENOVO\\git\\CrossCountry\\Reports\\20220222_153321\\Regression Test Suite\\20220222_153323\\1645524248208.png]]

2022-02-22 15:34:09 - [TEST_STEP][PASSED] - closeBrowser(): Browser is closed

2022-02-22 15:34:09 - [MESSAGE][PASSED] - Browser is closed]]></system-out>
         <system-err><![CDATA[]]></system-err>
      </testcase>
      <testcase name="Test Cases/Main Test Cases/TC04_Verify Title Of Application" time="7.948" classname="Test Cases/Main Test Cases/TC04_Verify Title Of Application" status="PASSED">
         <system-out><![CDATA[2022-02-22 15:34:09 - [TEST_CASE][PASSED] - Test Cases/Main Test Cases/TC04_Verify Title Of Application: Test Cases/Main Test Cases/TC04_Verify Title Of Application

2022-02-22 15:34:10 - [TEST_STEP][PASSED] - openBrowser(""): Browser is opened with url: ''

2022-02-22 15:34:10 - [MESSAGE][INFO] - Starting 'Chrome' driver

2022-02-22 15:34:10 - [MESSAGE][INFO] - Action delay is set to 0 milliseconds

2022-02-22 15:34:12 - [MESSAGE][PASSED] - Browser is opened with url: ''

2022-02-22 15:34:12 - [TEST_STEP][PASSED] - navigateToUrl("https://katalon-demo-cura.herokuapp.com/"): Navigate to 'https://katalon-demo-cura.herokuapp.com/' successfully

2022-02-22 15:34:15 - [MESSAGE][PASSED] - Navigate to 'https://katalon-demo-cura.herokuapp.com/' successfully

2022-02-22 15:34:15 - [TEST_STEP][PASSED] - click(findTestObject("Object Repository/Page_CURA Healthcare Service/h1_CURA Healthcare Service")): Object: 'Object Repository/Page_CURA Healthcare Service/h1_CURA Healthcare Service' is clicked on

2022-02-22 15:34:16 - [MESSAGE][PASSED] - Object: 'Object Repository/Page_CURA Healthcare Service/h1_CURA Healthcare Service' is clicked on

2022-02-22 15:34:16 - [TEST_STEP][PASSED] - getText(findTestObject("Object Repository/Page_CURA Healthcare Service/h1_CURA Healthcare Service")): Text of object 'Object Repository/Page_CURA Healthcare Service/h1_CURA Healthcare Service' is: 'CURA Healthcare Service'

2022-02-22 15:34:16 - [MESSAGE][PASSED] - Text of object 'Object Repository/Page_CURA Healthcare Service/h1_CURA Healthcare Service' is: 'CURA Healthcare Service'

2022-02-22 15:34:16 - [TEST_STEP][PASSED] - closeBrowser(): Browser is closed

2022-02-22 15:34:17 - [MESSAGE][PASSED] - Browser is closed]]></system-out>
         <system-err><![CDATA[]]></system-err>
      </testcase>
      <testcase name="Test Cases/Main Test Cases/TC06_Verify Make Appoinment Button" time="12.646" classname="Test Cases/Main Test Cases/TC06_Verify Make Appoinment Button" status="PASSED">
         <system-out><![CDATA[2022-02-22 15:34:17 - [TEST_CASE][PASSED] - Test Cases/Main Test Cases/TC06_Verify Make Appoinment Button: Test Cases/Main Test Cases/TC06_Verify Make Appoinment Button

2022-02-22 15:34:18 - [TEST_STEP][PASSED] - comment("Launch URL"): Launch URL

2022-02-22 15:34:18 - [MESSAGE][INFO] - Launch URL

2022-02-22 15:34:18 - [TEST_STEP][PASSED] - comment("User Login With Valid Credentials"): User Login With Valid Credentials

2022-02-22 15:34:18 - [MESSAGE][INFO] - User Login With Valid Credentials

2022-02-22 15:34:18 - [TEST_STEP][PASSED] - openBrowser(G_SiteURL): Browser is opened with url: 'http://demoaut.katalon.com'

2022-02-22 15:34:18 - [MESSAGE][INFO] - Starting 'Chrome' driver

2022-02-22 15:34:18 - [MESSAGE][INFO] - Action delay is set to 0 milliseconds

2022-02-22 15:34:24 - [MESSAGE][PASSED] - Browser is opened with url: 'http://demoaut.katalon.com'

2022-02-22 15:34:24 - [TEST_STEP][PASSED] - maximizeWindow(): Current window maximized

2022-02-22 15:34:24 - [MESSAGE][PASSED] - Current window maximized

2022-02-22 15:34:24 - [TEST_STEP][PASSED] - click(findTestObject("Page_CuraHomepage/btn_MakeAppointment")): Object: 'Object Repository/Page_CuraHomepage/btn_MakeAppointment' is clicked on

2022-02-22 15:34:25 - [MESSAGE][PASSED] - Object: 'Object Repository/Page_CuraHomepage/btn_MakeAppointment' is clicked on

2022-02-22 15:34:25 - [TEST_STEP][PASSED] - setText(findTestObject("Page_Login/txt_UserName"), findTestData("TestData").getValue(1, 1)): Text 'John Doe' is set on object 'Object Repository/Page_Login/txt_UserName'

2022-02-22 15:34:26 - [MESSAGE][PASSED] - Text 'John Doe' is set on object 'Object Repository/Page_Login/txt_UserName'

2022-02-22 15:34:26 - [TEST_STEP][PASSED] - setText(findTestObject("Page_Login/txt_Password"), findTestData("TestData").getValue(2, 1)): Text 'ThisIsNotAPassword' is set on object 'Object Repository/Page_Login/txt_Password'

2022-02-22 15:34:27 - [MESSAGE][PASSED] - Text 'ThisIsNotAPassword' is set on object 'Object Repository/Page_Login/txt_Password'

2022-02-22 15:34:27 - [TEST_STEP][PASSED] - click(findTestObject("Page_Login/btn_Login")): Object: 'Object Repository/Page_Login/btn_Login' is clicked on

2022-02-22 15:34:29 - [MESSAGE][PASSED] - Object: 'Object Repository/Page_Login/btn_Login' is clicked on

2022-02-22 15:34:29 - [TEST_STEP][PASSED] - comment("User Login to Application"): User Login to Application

2022-02-22 15:34:29 - [MESSAGE][INFO] - User Login to Application

2022-02-22 15:34:29 - [TEST_STEP][PASSED] - verifyElementClickable(findTestObject("Page_AppointmentConfirmation/a_Make Appointment"), STOP_ON_FAILURE): Object 'Object Repository/Page_AppointmentConfirmation/a_Make Appointment' is clickable

2022-02-22 15:34:29 - [MESSAGE][PASSED] - Object 'Object Repository/Page_AppointmentConfirmation/a_Make Appointment' is clickable

2022-02-22 15:34:29 - [TEST_STEP][PASSED] - getUrl(): Current window's url is: 'https://katalon-demo-cura.herokuapp.com/#appointment'

2022-02-22 15:34:29 - [MESSAGE][PASSED] - Current window's url is: 'https://katalon-demo-cura.herokuapp.com/#appointment'

2022-02-22 15:34:29 - [TEST_STEP][PASSED] - closeBrowser(): Browser is closed

2022-02-22 15:34:30 - [MESSAGE][PASSED] - Browser is closed]]></system-out>
         <system-err><![CDATA[]]></system-err>
      </testcase>
      <testcase name="Test Cases/Main Test Cases/TC07_Reuse Login TestCase" time="18.085" classname="Test Cases/Main Test Cases/TC07_Reuse Login TestCase" status="PASSED">
         <system-out><![CDATA[2022-02-22 15:34:30 - [TEST_CASE][PASSED] - Test Cases/Main Test Cases/TC07_Reuse Login TestCase: Test Cases/Main Test Cases/TC07_Reuse Login TestCase

2022-02-22 15:34:31 - [TEST_STEP][PASSED] - comment("Launch URL"): Launch URL

2022-02-22 15:34:31 - [MESSAGE][INFO] - Launch URL

2022-02-22 15:34:31 - [TEST_STEP][PASSED] - openBrowser(G_SiteURL): Browser is opened with url: 'http://demoaut.katalon.com'

2022-02-22 15:34:31 - [MESSAGE][INFO] - Starting 'Chrome' driver

2022-02-22 15:34:31 - [MESSAGE][INFO] - Action delay is set to 0 milliseconds

2022-02-22 15:34:38 - [MESSAGE][PASSED] - Browser is opened with url: 'http://demoaut.katalon.com'

2022-02-22 15:34:38 - [TEST_STEP][PASSED] - maximizeWindow(): Current window maximized

2022-02-22 15:34:38 - [MESSAGE][PASSED] - Current window maximized

2022-02-22 15:34:38 - [TEST_STEP][PASSED] - callTestCase(findTestCase("Common Test Cases/Login"), ["Username":findTestData("TestData").getValue(1, 1), "Password":findTestData("TestData").getValue(2, 1)], STOP_ON_FAILURE): Call Test Case 'Test Cases/Common Test Cases/Login' successfully

2022-02-22 15:34:38 - [TEST_CASE][PASSED] - Test Cases/Common Test Cases/Login: Test Cases/Common Test Cases/Login

2022-02-22 15:34:38 - [TEST_STEP][PASSED] - click(findTestObject("Page_CuraHomepage/btn_MakeAppointment")): Object: 'Object Repository/Page_CuraHomepage/btn_MakeAppointment' is clicked on

2022-02-22 15:34:39 - [MESSAGE][PASSED] - Object: 'Object Repository/Page_CuraHomepage/btn_MakeAppointment' is clicked on

2022-02-22 15:34:39 - [TEST_STEP][PASSED] - setText(findTestObject("Page_Login/txt_UserName"), Username): Text 'John Doe' is set on object 'Object Repository/Page_Login/txt_UserName'

2022-02-22 15:34:40 - [MESSAGE][PASSED] - Text 'John Doe' is set on object 'Object Repository/Page_Login/txt_UserName'

2022-02-22 15:34:40 - [TEST_STEP][PASSED] - setText(findTestObject("Page_Login/txt_Password"), Password): Text 'ThisIsNotAPassword' is set on object 'Object Repository/Page_Login/txt_Password'

2022-02-22 15:34:41 - [MESSAGE][PASSED] - Text 'ThisIsNotAPassword' is set on object 'Object Repository/Page_Login/txt_Password'

2022-02-22 15:34:41 - [TEST_STEP][PASSED] - click(findTestObject("Page_Login/btn_Login")): Object: 'Object Repository/Page_Login/btn_Login' is clicked on

2022-02-22 15:34:42 - [MESSAGE][PASSED] - Object: 'Object Repository/Page_Login/btn_Login' is clicked on

2022-02-22 15:34:42 - [TEST_STEP][PASSED] - landingPage = verifyElementPresent(findTestObject("Page_CuraAppointment/div_Appointment"), G_Timeout): Object 'Object Repository/Page_CuraAppointment/div_Appointment' is present

2022-02-22 15:34:42 - [MESSAGE][PASSED] - Object 'Object Repository/Page_CuraAppointment/div_Appointment' is present

2022-02-22 15:34:42 - [MESSAGE][PASSED] - Call Test Case 'Test Cases/Common Test Cases/Login' successfully

2022-02-22 15:34:42 - [TEST_STEP][PASSED] - click(findTestObject("Page_AppointmentConfirmation/a_Make Appointment")): Object: 'Object Repository/Page_AppointmentConfirmation/a_Make Appointment' is clicked on

2022-02-22 15:34:43 - [MESSAGE][PASSED] - Object: 'Object Repository/Page_AppointmentConfirmation/a_Make Appointment' is clicked on

2022-02-22 15:34:43 - [TEST_STEP][PASSED] - click(findTestObject("Page_AppointmentConfirmation/input_Apply for hospital readmission_hospital_readmission")): Object: 'Object Repository/Page_AppointmentConfirmation/input_Apply for hospital readmission_hospital_readmission' is clicked on

2022-02-22 15:34:43 - [MESSAGE][PASSED] - Object: 'Object Repository/Page_AppointmentConfirmation/input_Apply for hospital readmission_hospital_readmission' is clicked on

2022-02-22 15:34:43 - [TEST_STEP][PASSED] - click(findTestObject("Page_AppointmentConfirmation/input_Medicare_programs")): Object: 'Object Repository/Page_AppointmentConfirmation/input_Medicare_programs' is clicked on

2022-02-22 15:34:44 - [MESSAGE][PASSED] - Object: 'Object Repository/Page_AppointmentConfirmation/input_Medicare_programs' is clicked on

2022-02-22 15:34:44 - [TEST_STEP][PASSED] - click(findTestObject("Page_CuraAppointment/span_Visit Date (Required)_glyphicon glyphicon-calendar")): Object: 'Object Repository/Page_CuraAppointment/span_Visit Date (Required)_glyphicon glyphicon-calendar' is clicked on

2022-02-22 15:34:44 - [MESSAGE][PASSED] - Object: 'Object Repository/Page_CuraAppointment/span_Visit Date (Required)_glyphicon glyphicon-calendar' is clicked on

2022-02-22 15:34:44 - [TEST_STEP][PASSED] - click(findTestObject("Page_CuraAppointment/td_24")): Object: 'Object Repository/Page_CuraAppointment/td_24' is clicked on

2022-02-22 15:34:45 - [MESSAGE][PASSED] - Object: 'Object Repository/Page_CuraAppointment/td_24' is clicked on

2022-02-22 15:34:45 - [TEST_STEP][PASSED] - setText(findTestObject("Page_AppointmentConfirmation/textarea_Comment_comment"), "Make my appointment ASAP"): Text 'Make my appointment ASAP' is set on object 'Object Repository/Page_AppointmentConfirmation/textarea_Comment_comment'

2022-02-22 15:34:46 - [MESSAGE][PASSED] - Text 'Make my appointment ASAP' is set on object 'Object Repository/Page_AppointmentConfirmation/textarea_Comment_comment'

2022-02-22 15:34:46 - [TEST_STEP][PASSED] - click(findTestObject("Page_AppointmentConfirmation/button_Book Appointment")): Object: 'Object Repository/Page_AppointmentConfirmation/button_Book Appointment' is clicked on

2022-02-22 15:34:47 - [MESSAGE][PASSED] - Object: 'Object Repository/Page_AppointmentConfirmation/button_Book Appointment' is clicked on

2022-02-22 15:34:47 - [TEST_STEP][PASSED] - verifyTextPresent("Appointment Confirmation", true): Text 'Appointment Confirmation' is present on page  using regular expression

2022-02-22 15:34:47 - [MESSAGE][PASSED] - Text 'Appointment Confirmation' is present on page  using regular expression

2022-02-22 15:34:47 - [TEST_STEP][PASSED] - closeBrowser(): Browser is closed

2022-02-22 15:34:48 - [MESSAGE][PASSED] - Browser is closed]]></system-out>
         <system-err><![CDATA[]]></system-err>
      </testcase>
      <testcase name="Test Cases/Main Test Cases/TC08_Verify Login with invalid Username" time="12.477" classname="Test Cases/Main Test Cases/TC08_Verify Login with invalid Username" status="PASSED">
         <system-out><![CDATA[2022-02-22 15:34:48 - [TEST_CASE][PASSED] - Test Cases/Main Test Cases/TC08_Verify Login with invalid Username: Test Cases/Main Test Cases/TC08_Verify Login with invalid Username

2022-02-22 15:34:49 - [TEST_STEP][PASSED] - comment("Story:Login To cura System using Invalid UserName"): Story:Login To cura System using Invalid UserName

2022-02-22 15:34:49 - [MESSAGE][INFO] - Story:Login To cura System using Invalid UserName

2022-02-22 15:34:49 - [TEST_STEP][PASSED] - comment("Given that the user has the invalid login information"): Given that the user has the invalid login information

2022-02-22 15:34:49 - [MESSAGE][INFO] - Given that the user has the invalid login information

2022-02-22 15:34:49 - [TEST_STEP][PASSED] - openBrowser(G_SiteURL): Browser is opened with url: 'http://demoaut.katalon.com'

2022-02-22 15:34:49 - [MESSAGE][INFO] - Starting 'Chrome' driver

2022-02-22 15:34:49 - [MESSAGE][INFO] - Action delay is set to 0 milliseconds

2022-02-22 15:34:54 - [MESSAGE][PASSED] - Browser is opened with url: 'http://demoaut.katalon.com'

2022-02-22 15:34:54 - [TEST_STEP][PASSED] - maximizeWindow(): Current window maximized

2022-02-22 15:34:54 - [MESSAGE][PASSED] - Current window maximized

2022-02-22 15:34:54 - [TEST_STEP][PASSED] - click(findTestObject("Page_CURA Healthcare Service/a_Make Appointment")): Object: 'Object Repository/Page_CURA Healthcare Service/a_Make Appointment' is clicked on

2022-02-22 15:34:56 - [MESSAGE][PASSED] - Object: 'Object Repository/Page_CURA Healthcare Service/a_Make Appointment' is clicked on

2022-02-22 15:34:56 - [TEST_STEP][PASSED] - setText(findTestObject("Page_Login/txt_UserName"), findTestData("TestData").getValue(4, 1)): Text 'ThisIsNotPass' is set on object 'Object Repository/Page_Login/txt_UserName'

2022-02-22 15:34:57 - [MESSAGE][PASSED] - Text 'ThisIsNotPass' is set on object 'Object Repository/Page_Login/txt_UserName'

2022-02-22 15:34:57 - [TEST_STEP][PASSED] - setText(findTestObject("Page_Login/txt_Password"), "ThisIsNotAPassword"): Text 'ThisIsNotAPassword' is set on object 'Object Repository/Page_Login/txt_Password'

2022-02-22 15:34:58 - [MESSAGE][PASSED] - Text 'ThisIsNotAPassword' is set on object 'Object Repository/Page_Login/txt_Password'

2022-02-22 15:34:58 - [TEST_STEP][PASSED] - click(findTestObject("Page_Login/btn_Login")): Object: 'Object Repository/Page_Login/btn_Login' is clicked on

2022-02-22 15:34:59 - [MESSAGE][PASSED] - Object: 'Object Repository/Page_Login/btn_Login' is clicked on

2022-02-22 15:34:59 - [TEST_STEP][PASSED] - verifyElementPresent(findTestObject("Page_CURA Healthcare Service/p_Login failed Please ensure the username and password are valid"), G_ShortTimeOut): Object 'Object Repository/Page_CURA Healthcare Service/p_Login failed Please ensure the username and password are valid' is present

2022-02-22 15:35:00 - [MESSAGE][PASSED] - Object 'Object Repository/Page_CURA Healthcare Service/p_Login failed Please ensure the username and password are valid' is present

2022-02-22 15:35:00 - [TEST_STEP][PASSED] - comment("Error Message displayed with Invalid User name"): Error Message displayed with Invalid User name

2022-02-22 15:35:00 - [MESSAGE][INFO] - Error Message displayed with Invalid User name

2022-02-22 15:35:00 - [TEST_STEP][PASSED] - closeBrowser(): Browser is closed

2022-02-22 15:35:01 - [MESSAGE][PASSED] - Browser is closed]]></system-out>
         <system-err><![CDATA[]]></system-err>
      </testcase>
      <testcase name="Test Cases/Main Test Cases/TC09_ Verify Login With Invalid Password" time="10.873" classname="Test Cases/Main Test Cases/TC09_ Verify Login With Invalid Password" status="PASSED">
         <system-out><![CDATA[2022-02-22 15:35:01 - [TEST_CASE][PASSED] - Test Cases/Main Test Cases/TC09_ Verify Login With Invalid Password: Test Cases/Main Test Cases/TC09_ Verify Login With Invalid Password

2022-02-22 15:35:01 - [TEST_STEP][PASSED] - comment("Story:Login To cura System using Valid UserName and Invalid Password"): Story:Login To cura System using Valid UserName and Invalid Password

2022-02-22 15:35:01 - [MESSAGE][INFO] - Story:Login To cura System using Valid UserName and Invalid Password

2022-02-22 15:35:01 - [TEST_STEP][PASSED] - openBrowser(G_SiteURL): Browser is opened with url: 'http://demoaut.katalon.com'

2022-02-22 15:35:01 - [MESSAGE][INFO] - Starting 'Chrome' driver

2022-02-22 15:35:01 - [MESSAGE][INFO] - Action delay is set to 0 milliseconds

2022-02-22 15:35:06 - [MESSAGE][PASSED] - Browser is opened with url: 'http://demoaut.katalon.com'

2022-02-22 15:35:06 - [TEST_STEP][PASSED] - maximizeWindow(): Current window maximized

2022-02-22 15:35:06 - [MESSAGE][PASSED] - Current window maximized

2022-02-22 15:35:06 - [TEST_STEP][PASSED] - click(findTestObject("Page_CURA Healthcare Service/a_Make Appointment")): Object: 'Object Repository/Page_CURA Healthcare Service/a_Make Appointment' is clicked on

2022-02-22 15:35:07 - [MESSAGE][PASSED] - Object: 'Object Repository/Page_CURA Healthcare Service/a_Make Appointment' is clicked on

2022-02-22 15:35:07 - [TEST_STEP][PASSED] - setText(findTestObject("Page_Login/txt_UserName"), findTestData("TestData").getValue(2, 1)): Text 'ThisIsNotAPassword' is set on object 'Object Repository/Page_Login/txt_UserName'

2022-02-22 15:35:08 - [MESSAGE][PASSED] - Text 'ThisIsNotAPassword' is set on object 'Object Repository/Page_Login/txt_UserName'

2022-02-22 15:35:08 - [TEST_STEP][PASSED] - setText(findTestObject("Page_Login/txt_Password"), findTestData("TestData").getValue(5, 1)): Text '5/3/22' is set on object 'Object Repository/Page_Login/txt_Password'

2022-02-22 15:35:09 - [MESSAGE][PASSED] - Text '5/3/22' is set on object 'Object Repository/Page_Login/txt_Password'

2022-02-22 15:35:09 - [TEST_STEP][PASSED] - click(findTestObject("Page_Login/btn_Login")): Object: 'Object Repository/Page_Login/btn_Login' is clicked on

2022-02-22 15:35:10 - [MESSAGE][PASSED] - Object: 'Object Repository/Page_Login/btn_Login' is clicked on

2022-02-22 15:35:10 - [TEST_STEP][PASSED] - verifyElementPresent(findTestObject("Page_CURA Healthcare Service/p_Login failed Please ensure the username and password are valid"), G_ShortTimeOut): Object 'Object Repository/Page_CURA Healthcare Service/p_Login failed Please ensure the username and password are valid' is present

2022-02-22 15:35:11 - [MESSAGE][PASSED] - Object 'Object Repository/Page_CURA Healthcare Service/p_Login failed Please ensure the username and password are valid' is present

2022-02-22 15:35:11 - [TEST_STEP][PASSED] - closeBrowser(): Browser is closed

2022-02-22 15:35:11 - [MESSAGE][PASSED] - Browser is closed]]></system-out>
         <system-err><![CDATA[]]></system-err>
      </testcase>
      <testcase name="Test Cases/Main Test Cases/TC10_Verify Cura HelthCare Service Title" time="10.616" classname="Test Cases/Main Test Cases/TC10_Verify Cura HelthCare Service Title" status="PASSED">
         <system-out><![CDATA[2022-02-22 15:35:11 - [TEST_CASE][PASSED] - Test Cases/Main Test Cases/TC10_Verify Cura HelthCare Service Title: Test Cases/Main Test Cases/TC10_Verify Cura HelthCare Service Title

2022-02-22 15:35:12 - [TEST_STEP][PASSED] - openBrowser(G_SiteURL): Browser is opened with url: 'http://demoaut.katalon.com'

2022-02-22 15:35:12 - [MESSAGE][INFO] - Starting 'Chrome' driver

2022-02-22 15:35:12 - [MESSAGE][INFO] - Action delay is set to 0 milliseconds

2022-02-22 15:35:17 - [MESSAGE][PASSED] - Browser is opened with url: 'http://demoaut.katalon.com'

2022-02-22 15:35:17 - [TEST_STEP][PASSED] - maximizeWindow(): Current window maximized

2022-02-22 15:35:17 - [MESSAGE][PASSED] - Current window maximized

2022-02-22 15:35:17 - [TEST_STEP][PASSED] - click(findTestObject("Page_CURA Healthcare Service/a_Make Appointment")): Object: 'Object Repository/Page_CURA Healthcare Service/a_Make Appointment' is clicked on

2022-02-22 15:35:18 - [MESSAGE][PASSED] - Object: 'Object Repository/Page_CURA Healthcare Service/a_Make Appointment' is clicked on

2022-02-22 15:35:18 - [TEST_STEP][PASSED] - setText(findTestObject("Page_Login/txt_UserName"), findTestData("TestData").getValue(1, 1)): Text 'John Doe' is set on object 'Object Repository/Page_Login/txt_UserName'

2022-02-22 15:35:19 - [MESSAGE][PASSED] - Text 'John Doe' is set on object 'Object Repository/Page_Login/txt_UserName'

2022-02-22 15:35:19 - [TEST_STEP][PASSED] - setText(findTestObject("Page_Login/txt_Password"), findTestData("TestData").getValue(2, 1)): Text 'ThisIsNotAPassword' is set on object 'Object Repository/Page_Login/txt_Password'

2022-02-22 15:35:20 - [MESSAGE][PASSED] - Text 'ThisIsNotAPassword' is set on object 'Object Repository/Page_Login/txt_Password'

2022-02-22 15:35:20 - [TEST_STEP][PASSED] - click(findTestObject("Page_Login/btn_Login")): Object: 'Object Repository/Page_Login/btn_Login' is clicked on

2022-02-22 15:35:21 - [MESSAGE][PASSED] - Object: 'Object Repository/Page_Login/btn_Login' is clicked on

2022-02-22 15:35:21 - [TEST_STEP][PASSED] - verifyElementPresent(findTestObject("Page_CURA Healthcare Service/h1_CURA Healthcare Service"), G_ShortTimeOut): Object 'Object Repository/Page_CURA Healthcare Service/h1_CURA Healthcare Service' is present

2022-02-22 15:35:21 - [MESSAGE][PASSED] - Object 'Object Repository/Page_CURA Healthcare Service/h1_CURA Healthcare Service' is present

2022-02-22 15:35:21 - [TEST_STEP][PASSED] - closeBrowser(): Browser is closed

2022-02-22 15:35:22 - [MESSAGE][PASSED] - Browser is closed]]></system-out>
         <system-err><![CDATA[]]></system-err>
      </testcase>
      <testcase name="Test Cases/Main Test Cases/TC11_Verify Social icons on Home Page" time="14.574" classname="Test Cases/Main Test Cases/TC11_Verify Social icons on Home Page" status="PASSED">
         <system-out><![CDATA[2022-02-22 15:35:22 - [TEST_CASE][PASSED] - Test Cases/Main Test Cases/TC11_Verify Social icons on Home Page: Test Cases/Main Test Cases/TC11_Verify Social icons on Home Page

2022-02-22 15:35:23 - [TEST_STEP][PASSED] - comment("Story: Display of Social icons on home page"): Story: Display of Social icons on home page

2022-02-22 15:35:23 - [MESSAGE][INFO] - Story: Display of Social icons on home page

2022-02-22 15:35:23 - [TEST_STEP][PASSED] - openBrowser(G_SiteURL): Browser is opened with url: 'http://demoaut.katalon.com'

2022-02-22 15:35:23 - [MESSAGE][INFO] - Starting 'Chrome' driver

2022-02-22 15:35:23 - [MESSAGE][INFO] - Action delay is set to 0 milliseconds

2022-02-22 15:35:31 - [MESSAGE][PASSED] - Browser is opened with url: 'http://demoaut.katalon.com'

2022-02-22 15:35:31 - [TEST_STEP][PASSED] - click(findTestObject("Page_CURA Healthcare Service/a_Make Appointment")): Object: 'Object Repository/Page_CURA Healthcare Service/a_Make Appointment' is clicked on

2022-02-22 15:35:32 - [MESSAGE][PASSED] - Object: 'Object Repository/Page_CURA Healthcare Service/a_Make Appointment' is clicked on

2022-02-22 15:35:32 - [TEST_STEP][PASSED] - setText(findTestObject("Page_Login/txt_UserName"), findTestData("TestData").getValue(1, 1)): Text 'John Doe' is set on object 'Object Repository/Page_Login/txt_UserName'

2022-02-22 15:35:33 - [MESSAGE][PASSED] - Text 'John Doe' is set on object 'Object Repository/Page_Login/txt_UserName'

2022-02-22 15:35:33 - [TEST_STEP][PASSED] - setText(findTestObject("Page_Login/txt_Password"), findTestData("TestData").getValue(2, 1)): Text 'ThisIsNotAPassword' is set on object 'Object Repository/Page_Login/txt_Password'

2022-02-22 15:35:34 - [MESSAGE][PASSED] - Text 'ThisIsNotAPassword' is set on object 'Object Repository/Page_Login/txt_Password'

2022-02-22 15:35:34 - [TEST_STEP][PASSED] - click(findTestObject("Page_Login/btn_Login")): Object: 'Object Repository/Page_Login/btn_Login' is clicked on

2022-02-22 15:35:35 - [MESSAGE][PASSED] - Object: 'Object Repository/Page_Login/btn_Login' is clicked on

2022-02-22 15:35:35 - [TEST_STEP][PASSED] - scrollToElement(findTestObject("Page_CURA Healthcare Service/i_infokatalon.com_fa fa-facebook fa-fw fa-3x"), G_ShortTimeOut): Scroll to object 'Object Repository/Page_CURA Healthcare Service/i_infokatalon.com_fa fa-facebook fa-fw fa-3x' successfully

2022-02-22 15:35:36 - [MESSAGE][PASSED] - Scroll to object 'Object Repository/Page_CURA Healthcare Service/i_infokatalon.com_fa fa-facebook fa-fw fa-3x' successfully

2022-02-22 15:35:36 - [TEST_STEP][PASSED] - comment("Scrolling to the Required Element"): Scrolling to the Required Element

2022-02-22 15:35:36 - [MESSAGE][INFO] - Scrolling to the Required Element

2022-02-22 15:35:36 - [TEST_STEP][PASSED] - enableSmartWait(): null

2022-02-22 15:35:36 - [TEST_STEP][PASSED] - closeBrowser(): Browser is closed

2022-02-22 15:35:37 - [MESSAGE][PASSED] - Browser is closed]]></system-out>
         <system-err><![CDATA[]]></system-err>
      </testcase>
      <testcase name="Test Cases/Main Test Cases/TC12_Verify Facility Dropdown functionality" time="11.951" classname="Test Cases/Main Test Cases/TC12_Verify Facility Dropdown functionality" status="PASSED">
         <system-out><![CDATA[2022-02-22 15:35:37 - [TEST_CASE][PASSED] - Test Cases/Main Test Cases/TC12_Verify Facility Dropdown functionality: Test Cases/Main Test Cases/TC12_Verify Facility Dropdown functionality

2022-02-22 15:35:38 - [TEST_STEP][PASSED] - comment("Checking facility dropdown is functional"): Checking facility dropdown is functional

2022-02-22 15:35:38 - [MESSAGE][INFO] - Checking facility dropdown is functional

2022-02-22 15:35:38 - [TEST_STEP][PASSED] - openBrowser(G_SiteURL): Browser is opened with url: 'http://demoaut.katalon.com'

2022-02-22 15:35:38 - [MESSAGE][INFO] - Starting 'Chrome' driver

2022-02-22 15:35:38 - [MESSAGE][INFO] - Action delay is set to 0 milliseconds

2022-02-22 15:35:42 - [MESSAGE][PASSED] - Browser is opened with url: 'http://demoaut.katalon.com'

2022-02-22 15:35:42 - [TEST_STEP][PASSED] - maximizeWindow(): Current window maximized

2022-02-22 15:35:42 - [MESSAGE][PASSED] - Current window maximized

2022-02-22 15:35:42 - [TEST_STEP][PASSED] - click(findTestObject("Page_CURA Healthcare Service/a_Make Appointment")): Object: 'Object Repository/Page_CURA Healthcare Service/a_Make Appointment' is clicked on

2022-02-22 15:35:44 - [MESSAGE][PASSED] - Object: 'Object Repository/Page_CURA Healthcare Service/a_Make Appointment' is clicked on

2022-02-22 15:35:44 - [TEST_STEP][PASSED] - setText(findTestObject("Page_Login/txt_UserName"), findTestData("TestData").getValue(1, 1)): Text 'John Doe' is set on object 'Object Repository/Page_Login/txt_UserName'

2022-02-22 15:35:45 - [MESSAGE][PASSED] - Text 'John Doe' is set on object 'Object Repository/Page_Login/txt_UserName'

2022-02-22 15:35:45 - [TEST_STEP][PASSED] - setText(findTestObject("Page_Login/txt_Password"), findTestData("TestData").getValue(2, 1)): Text 'ThisIsNotAPassword' is set on object 'Object Repository/Page_Login/txt_Password'

2022-02-22 15:35:46 - [MESSAGE][PASSED] - Text 'ThisIsNotAPassword' is set on object 'Object Repository/Page_Login/txt_Password'

2022-02-22 15:35:46 - [TEST_STEP][PASSED] - click(findTestObject("Page_Login/btn_Login")): Object: 'Object Repository/Page_Login/btn_Login' is clicked on

2022-02-22 15:35:47 - [MESSAGE][PASSED] - Object: 'Object Repository/Page_Login/btn_Login' is clicked on

2022-02-22 15:35:47 - [TEST_STEP][PASSED] - click(findTestObject("Page_CURA Healthcare Service/select_Tokyo CURA Healthcare Center                            Hongkong CURA Healthcare Center                            Seoul CURA Healthcare Center")): Object: 'Object Repository/Page_CURA Healthcare Service/select_Tokyo CURA Healthcare Center                            Hongkong CURA Healthcare Center                            Seoul CURA Healthcare Center' is clicked on

2022-02-22 15:35:47 - [MESSAGE][PASSED] - Object: 'Object Repository/Page_CURA Healthcare Service/select_Tokyo CURA Healthcare Center                            Hongkong CURA Healthcare Center                            Seoul CURA Healthcare Center' is clicked on

2022-02-22 15:35:47 - [TEST_STEP][PASSED] - verifyElementPresent(findTestObject("Page_CURA Healthcare Service/select_Tokyo CURA Healthcare Center                            Hongkong CURA Healthcare Center                            Seoul CURA Healthcare Center"), G_ShortTimeOut): Object 'Object Repository/Page_CURA Healthcare Service/select_Tokyo CURA Healthcare Center                            Hongkong CURA Healthcare Center                            Seoul CURA Healthcare Center' is present

2022-02-22 15:35:48 - [MESSAGE][PASSED] - Object 'Object Repository/Page_CURA Healthcare Service/select_Tokyo CURA Healthcare Center                            Hongkong CURA Healthcare Center                            Seoul CURA Healthcare Center' is present

2022-02-22 15:35:48 - [TEST_STEP][PASSED] - closeBrowser(): Browser is closed

2022-02-22 15:35:49 - [MESSAGE][PASSED] - Browser is closed]]></system-out>
         <system-err><![CDATA[]]></system-err>
      </testcase>
      <testcase name="Test Cases/Main Test Cases/TC13_Verify the Book Appointment is Functional" time="17.174" classname="Test Cases/Main Test Cases/TC13_Verify the Book Appointment is Functional" status="PASSED">
         <system-out><![CDATA[2022-02-22 15:35:49 - [TEST_CASE][PASSED] - Test Cases/Main Test Cases/TC13_Verify the Book Appointment is Functional: Test Cases/Main Test Cases/TC13_Verify the Book Appointment is Functional

2022-02-22 15:35:50 - [TEST_STEP][PASSED] - comment("Checking functionality of Book Appointment."): Checking functionality of Book Appointment.

2022-02-22 15:35:50 - [MESSAGE][INFO] - Checking functionality of Book Appointment.

2022-02-22 15:35:50 - [TEST_STEP][PASSED] - openBrowser(G_SiteURL): Browser is opened with url: 'http://demoaut.katalon.com'

2022-02-22 15:35:50 - [MESSAGE][INFO] - Starting 'Chrome' driver

2022-02-22 15:35:50 - [MESSAGE][INFO] - Action delay is set to 0 milliseconds

2022-02-22 15:35:56 - [MESSAGE][PASSED] - Browser is opened with url: 'http://demoaut.katalon.com'

2022-02-22 15:35:56 - [TEST_STEP][PASSED] - click(findTestObject("Page_CURA Healthcare Service/a_Make Appointment")): Object: 'Object Repository/Page_CURA Healthcare Service/a_Make Appointment' is clicked on

2022-02-22 15:35:57 - [MESSAGE][PASSED] - Object: 'Object Repository/Page_CURA Healthcare Service/a_Make Appointment' is clicked on

2022-02-22 15:35:57 - [TEST_STEP][PASSED] - setText(findTestObject("Page_Login/txt_UserName"), findTestData("TestData").getValue(1, 1)): Text 'John Doe' is set on object 'Object Repository/Page_Login/txt_UserName'

2022-02-22 15:35:58 - [MESSAGE][PASSED] - Text 'John Doe' is set on object 'Object Repository/Page_Login/txt_UserName'

2022-02-22 15:35:58 - [TEST_STEP][PASSED] - setText(findTestObject("Page_Login/txt_Password"), findTestData("TestData").getValue(2, 1)): Text 'ThisIsNotAPassword' is set on object 'Object Repository/Page_Login/txt_Password'

2022-02-22 15:35:59 - [MESSAGE][PASSED] - Text 'ThisIsNotAPassword' is set on object 'Object Repository/Page_Login/txt_Password'

2022-02-22 15:35:59 - [TEST_STEP][PASSED] - click(findTestObject("Page_Login/btn_Login")): Object: 'Object Repository/Page_Login/btn_Login' is clicked on

2022-02-22 15:36:00 - [MESSAGE][PASSED] - Object: 'Object Repository/Page_Login/btn_Login' is clicked on

2022-02-22 15:36:00 - [TEST_STEP][PASSED] - click(findTestObject("Page_AppointmentConfirmation/input_Visit Date (Required)_visit_date")): Object: 'Object Repository/Page_AppointmentConfirmation/input_Visit Date (Required)_visit_date' is clicked on

2022-02-22 15:36:00 - [MESSAGE][PASSED] - Object: 'Object Repository/Page_AppointmentConfirmation/input_Visit Date (Required)_visit_date' is clicked on

2022-02-22 15:36:00 - [TEST_STEP][PASSED] - click(findTestObject("Page_AppointmentConfirmation/div_Visit Date (Required)_input-group-addon")): Object: 'Object Repository/Page_AppointmentConfirmation/div_Visit Date (Required)_input-group-addon' is clicked on

2022-02-22 15:36:01 - [MESSAGE][PASSED] - Object: 'Object Repository/Page_AppointmentConfirmation/div_Visit Date (Required)_input-group-addon' is clicked on

2022-02-22 15:36:01 - [TEST_STEP][PASSED] - click(findTestObject("Page_CURA Healthcare Service/td_28")): Object: 'Object Repository/Page_CURA Healthcare Service/td_28' is clicked on

2022-02-22 15:36:02 - [MESSAGE][PASSED] - Object: 'Object Repository/Page_CURA Healthcare Service/td_28' is clicked on

2022-02-22 15:36:02 - [TEST_STEP][PASSED] - setText(findTestObject("Page_AppointmentConfirmation/textarea_Comment_comment"), "This is comment while Booking an appointment"): Text 'This is comment while Booking an appointment' is set on object 'Object Repository/Page_AppointmentConfirmation/textarea_Comment_comment'

2022-02-22 15:36:03 - [MESSAGE][PASSED] - Text 'This is comment while Booking an appointment' is set on object 'Object Repository/Page_AppointmentConfirmation/textarea_Comment_comment'

2022-02-22 15:36:03 - [TEST_STEP][PASSED] - click(findTestObject("Page_CURA Healthcare Service/button_Book Appointment")): Object: 'Object Repository/Page_CURA Healthcare Service/button_Book Appointment' is clicked on

2022-02-22 15:36:04 - [MESSAGE][PASSED] - Object: 'Object Repository/Page_CURA Healthcare Service/button_Book Appointment' is clicked on

2022-02-22 15:36:04 - [TEST_STEP][PASSED] - verifyElementPresent(findTestObject("Page_AppointmentConfirmation/h2_Appointment Confirmation"), G_ShortTimeOut): Object 'Object Repository/Page_AppointmentConfirmation/h2_Appointment Confirmation' is present

2022-02-22 15:36:05 - [MESSAGE][PASSED] - Object 'Object Repository/Page_AppointmentConfirmation/h2_Appointment Confirmation' is present

2022-02-22 15:36:05 - [TEST_STEP][PASSED] - closeBrowser(): Browser is closed

2022-02-22 15:36:06 - [MESSAGE][PASSED] - Browser is closed]]></system-out>
         <system-err><![CDATA[]]></system-err>
      </testcase>
      <testcase name="Test Cases/Main Test Cases/TC14_To Verify Radio Buttons is Display" time="48.578" classname="Test Cases/Main Test Cases/TC14_To Verify Radio Buttons is Display" status="PASSED">
         <system-out><![CDATA[2022-02-22 15:36:06 - [TEST_CASE][PASSED] - Test Cases/Main Test Cases/TC14_To Verify Radio Buttons is Display: Test Cases/Main Test Cases/TC14_To Verify Radio Buttons is Display

2022-02-22 15:36:07 - [TEST_STEP][PASSED] - comment("Launch URL"): Launch URL

2022-02-22 15:36:07 - [MESSAGE][INFO] - Launch URL

2022-02-22 15:36:07 - [TEST_STEP][PASSED] - openBrowser(G_SiteURL): Browser is opened with url: 'http://demoaut.katalon.com'

2022-02-22 15:36:07 - [MESSAGE][INFO] - Starting 'Chrome' driver

2022-02-22 15:36:07 - [MESSAGE][INFO] - Action delay is set to 0 milliseconds

2022-02-22 15:36:11 - [MESSAGE][PASSED] - Browser is opened with url: 'http://demoaut.katalon.com'

2022-02-22 15:36:12 - [TEST_STEP][PASSED] - maximizeWindow(): Current window maximized

2022-02-22 15:36:12 - [MESSAGE][PASSED] - Current window maximized

2022-02-22 15:36:12 - [TEST_STEP][PASSED] - click(findTestObject("Page_CuraHomepage/btn_MakeAppointment")): Object: 'Object Repository/Page_CuraHomepage/btn_MakeAppointment' is clicked on

2022-02-22 15:36:13 - [MESSAGE][PASSED] - Object: 'Object Repository/Page_CuraHomepage/btn_MakeAppointment' is clicked on

2022-02-22 15:36:13 - [TEST_STEP][PASSED] - comment("User Click on Make appoinment button"): User Click on Make appoinment button

2022-02-22 15:36:13 - [MESSAGE][INFO] - User Click on Make appoinment button

2022-02-22 15:36:13 - [TEST_STEP][PASSED] - setText(findTestObject("Page_Login/txt_UserName"), findTestData("TestData").getValue(1, 1)): Text 'John Doe' is set on object 'Object Repository/Page_Login/txt_UserName'

2022-02-22 15:36:14 - [MESSAGE][PASSED] - Text 'John Doe' is set on object 'Object Repository/Page_Login/txt_UserName'

2022-02-22 15:36:14 - [TEST_STEP][PASSED] - setText(findTestObject("Page_Login/txt_Password"), findTestData("TestData").getValue(2, 1)): Text 'ThisIsNotAPassword' is set on object 'Object Repository/Page_Login/txt_Password'

2022-02-22 15:36:15 - [MESSAGE][PASSED] - Text 'ThisIsNotAPassword' is set on object 'Object Repository/Page_Login/txt_Password'

2022-02-22 15:36:15 - [TEST_STEP][PASSED] - click(findTestObject("Page_Login/btn_Login")): Object: 'Object Repository/Page_Login/btn_Login' is clicked on

2022-02-22 15:36:16 - [MESSAGE][PASSED] - Object: 'Object Repository/Page_Login/btn_Login' is clicked on

2022-02-22 15:36:16 - [TEST_STEP][PASSED] - comment("User Login Sucessfully"): User Login Sucessfully

2022-02-22 15:36:16 - [MESSAGE][INFO] - User Login Sucessfully

2022-02-22 15:36:16 - [TEST_STEP][PASSED] - click(findTestObject("Page_AppointmentConfirmation/a_Make Appointment")): Object: 'Object Repository/Page_AppointmentConfirmation/a_Make Appointment' is clicked on

2022-02-22 15:36:17 - [MESSAGE][PASSED] - Object: 'Object Repository/Page_AppointmentConfirmation/a_Make Appointment' is clicked on

2022-02-22 15:36:17 - [TEST_STEP][PASSED] - comment("User Navigate to Make appoinment page"): User Navigate to Make appoinment page

2022-02-22 15:36:17 - [MESSAGE][INFO] - User Navigate to Make appoinment page

2022-02-22 15:36:17 - [TEST_STEP][PASSED] - click(findTestObject("Page_CuraAppointment/select_")): Object: 'Object Repository/Page_CuraAppointment/select_' is clicked on

2022-02-22 15:36:17 - [MESSAGE][PASSED] - Object: 'Object Repository/Page_CuraAppointment/select_' is clicked on

2022-02-22 15:36:17 - [TEST_STEP][PASSED] - selectOptionByLabel(findTestObject("Page_CuraAppointment/select_"), "Hongkong CURA Healthcare Center", true): All options with label 'Hongkong CURA Healthcare Center' are selected in object 'Object Repository/Page_CuraAppointment/select_'  using regular expression

2022-02-22 15:36:18 - [MESSAGE][PASSED] - All options with label 'Hongkong CURA Healthcare Center' are selected in object 'Object Repository/Page_CuraAppointment/select_'  using regular expression

2022-02-22 15:36:18 - [TEST_STEP][PASSED] - click(findTestObject("Page_CuraAppointment/select_")): Object: 'Object Repository/Page_CuraAppointment/select_' is clicked on

2022-02-22 15:36:19 - [MESSAGE][PASSED] - Object: 'Object Repository/Page_CuraAppointment/select_' is clicked on

2022-02-22 15:36:19 - [TEST_STEP][PASSED] - click(findTestObject("Page_AppointmentConfirmation/input_")): Object: 'Object Repository/Page_AppointmentConfirmation/input_' is clicked on

2022-02-22 15:36:50 - [MESSAGE][INFO] - Unable to find the element located by 'By.xpath: '. Please recheck the objects properties to make sure the desired element is located. 

2022-02-22 15:36:50 - [MESSAGE][WARNING] - [SELF-HEALING] Failed to find element with id 'Object Repository/Page_AppointmentConfirmation/input_'. Try using Self-healing.

2022-02-22 15:36:50 - [MESSAGE][WARNING] - [SELF-HEALING] The current locator of test object 'Object Repository/Page_AppointmentConfirmation/input_' was broken. Propose an alternative one: '//input[@id='chk_hospotal_readmission']'.

2022-02-22 15:36:50 - [MESSAGE][PASSED] - Object: 'Object Repository/Page_AppointmentConfirmation/input_' is clicked on

2022-02-22 15:36:50 - [TEST_STEP][PASSED] - getText(findTestObject("Page_AppointmentConfirmation/label_Healthcare Program")): Text of object 'Object Repository/Page_AppointmentConfirmation/label_Healthcare Program' is: 'Healthcare Program'

2022-02-22 15:36:51 - [MESSAGE][PASSED] - Text of object 'Object Repository/Page_AppointmentConfirmation/label_Healthcare Program' is: 'Healthcare Program'

2022-02-22 15:36:51 - [TEST_STEP][PASSED] - verifyElementText(findTestObject("Page_AppointmentConfirmation/label_Healthcare Program"), "Healthcare Program"): Actual text and expected text of test object 'Object Repository/Page_AppointmentConfirmation/label_Healthcare Program' are matched.

2022-02-22 15:36:51 - [MESSAGE][PASSED] - Actual text and expected text of test object 'Object Repository/Page_AppointmentConfirmation/label_Healthcare Program' are matched.

2022-02-22 15:36:51 - [TEST_STEP][PASSED] - verifyElementClickable(findTestObject("Page_AppointmentConfirmation/input_Medicare_programs")): Object 'Object Repository/Page_AppointmentConfirmation/input_Medicare_programs' is clickable

2022-02-22 15:36:52 - [MESSAGE][PASSED] - Object 'Object Repository/Page_AppointmentConfirmation/input_Medicare_programs' is clickable

2022-02-22 15:36:52 - [TEST_STEP][PASSED] - verifyElementClickable(findTestObject("Page_AppointmentConfirmation/input_Medicare_programs")): Object 'Object Repository/Page_AppointmentConfirmation/input_Medicare_programs' is clickable

2022-02-22 15:36:53 - [MESSAGE][PASSED] - Object 'Object Repository/Page_AppointmentConfirmation/input_Medicare_programs' is clickable

2022-02-22 15:36:53 - [TEST_STEP][PASSED] - verifyElementClickable(findTestObject("Page_AppointmentConfirmation/input_None_programs")): Object 'Object Repository/Page_AppointmentConfirmation/input_None_programs' is clickable

2022-02-22 15:36:53 - [MESSAGE][PASSED] - Object 'Object Repository/Page_AppointmentConfirmation/input_None_programs' is clickable

2022-02-22 15:36:53 - [TEST_STEP][PASSED] - click(findTestObject("Page_AppointmentConfirmation/input_Medicare_programs")): Object: 'Object Repository/Page_AppointmentConfirmation/input_Medicare_programs' is clicked on

2022-02-22 15:36:54 - [MESSAGE][PASSED] - Object: 'Object Repository/Page_AppointmentConfirmation/input_Medicare_programs' is clicked on

2022-02-22 15:36:54 - [TEST_STEP][PASSED] - closeBrowser(): Browser is closed

2022-02-22 15:36:54 - [MESSAGE][PASSED] - Browser is closed]]></system-out>
         <system-err><![CDATA[]]></system-err>
      </testcase>
      <testcase name="Test Cases/Main Test Cases/TC15_Verify the Functionality of History" time="14.855" classname="Test Cases/Main Test Cases/TC15_Verify the Functionality of History" status="PASSED">
         <system-out><![CDATA[2022-02-22 15:36:54 - [TEST_CASE][PASSED] - Test Cases/Main Test Cases/TC15_Verify the Functionality of History: Test Cases/Main Test Cases/TC15_Verify the Functionality of History

2022-02-22 15:36:55 - [TEST_STEP][PASSED] - comment("Verification of Functionality of History from Hamburger Menu"): Verification of Functionality of History from Hamburger Menu

2022-02-22 15:36:55 - [MESSAGE][INFO] - Verification of Functionality of History from Hamburger Menu

2022-02-22 15:36:55 - [TEST_STEP][PASSED] - openBrowser(G_SiteURL): Browser is opened with url: 'http://demoaut.katalon.com'

2022-02-22 15:36:55 - [MESSAGE][INFO] - Starting 'Chrome' driver

2022-02-22 15:36:55 - [MESSAGE][INFO] - Action delay is set to 0 milliseconds

2022-02-22 15:37:02 - [MESSAGE][PASSED] - Browser is opened with url: 'http://demoaut.katalon.com'

2022-02-22 15:37:02 - [TEST_STEP][PASSED] - maximizeWindow(): Current window maximized

2022-02-22 15:37:02 - [MESSAGE][PASSED] - Current window maximized

2022-02-22 15:37:02 - [TEST_STEP][PASSED] - click(findTestObject("Page_CURA Healthcare Service/a_Make Appointment")): Object: 'Object Repository/Page_CURA Healthcare Service/a_Make Appointment' is clicked on

2022-02-22 15:37:03 - [MESSAGE][PASSED] - Object: 'Object Repository/Page_CURA Healthcare Service/a_Make Appointment' is clicked on

2022-02-22 15:37:03 - [TEST_STEP][PASSED] - setText(findTestObject("Page_Login/txt_UserName"), findTestData("TestData").getValue(1, 1)): Text 'John Doe' is set on object 'Object Repository/Page_Login/txt_UserName'

2022-02-22 15:37:04 - [MESSAGE][PASSED] - Text 'John Doe' is set on object 'Object Repository/Page_Login/txt_UserName'

2022-02-22 15:37:04 - [TEST_STEP][PASSED] - setText(findTestObject("Page_Login/txt_Password"), findTestData("TestData").getValue(2, 1)): Text 'ThisIsNotAPassword' is set on object 'Object Repository/Page_Login/txt_Password'

2022-02-22 15:37:05 - [MESSAGE][PASSED] - Text 'ThisIsNotAPassword' is set on object 'Object Repository/Page_Login/txt_Password'

2022-02-22 15:37:05 - [TEST_STEP][PASSED] - click(findTestObject("Page_Login/btn_Login")): Object: 'Object Repository/Page_Login/btn_Login' is clicked on

2022-02-22 15:37:06 - [MESSAGE][PASSED] - Object: 'Object Repository/Page_Login/btn_Login' is clicked on

2022-02-22 15:37:06 - [TEST_STEP][PASSED] - click(findTestObject("Page_AppointmentConfirmation/a_CURA Healthcare_menu-toggle")): Object: 'Object Repository/Page_AppointmentConfirmation/a_CURA Healthcare_menu-toggle' is clicked on

2022-02-22 15:37:07 - [MESSAGE][PASSED] - Object: 'Object Repository/Page_AppointmentConfirmation/a_CURA Healthcare_menu-toggle' is clicked on

2022-02-22 15:37:07 - [TEST_STEP][PASSED] - comment("Clicked on Hamburgur menu"): Clicked on Hamburgur menu

2022-02-22 15:37:07 - [MESSAGE][INFO] - Clicked on Hamburgur menu

2022-02-22 15:37:07 - [TEST_STEP][PASSED] - click(findTestObject("Page_CuraHomepage/a_History")): Object: 'Object Repository/Page_CuraHomepage/a_History' is clicked on

2022-02-22 15:37:07 - [MESSAGE][PASSED] - Object: 'Object Repository/Page_CuraHomepage/a_History' is clicked on

2022-02-22 15:37:07 - [TEST_STEP][PASSED] - verifyElementPresent(findTestObject("Page_CURA Healthcare Service/h2_History"), G_ShortTimeOut): Object 'Object Repository/Page_CURA Healthcare Service/h2_History' is present

2022-02-22 15:37:08 - [MESSAGE][PASSED] - Object 'Object Repository/Page_CURA Healthcare Service/h2_History' is present

2022-02-22 15:37:08 - [TEST_STEP][PASSED] - closeBrowser(): Browser is closed

2022-02-22 15:37:09 - [MESSAGE][PASSED] - Browser is closed]]></system-out>
         <system-err><![CDATA[]]></system-err>
      </testcase>
      <testcase name="Test Cases/Main Test Cases/TC18_Select Value From Facility DropDown" time="14.176" classname="Test Cases/Main Test Cases/TC18_Select Value From Facility DropDown" status="PASSED">
         <system-out><![CDATA[2022-02-22 15:37:09 - [TEST_CASE][PASSED] - Test Cases/Main Test Cases/TC18_Select Value From Facility DropDown: Test Cases/Main Test Cases/TC18_Select Value From Facility DropDown

2022-02-22 15:37:10 - [TEST_STEP][PASSED] - comment("Launch URL"): Launch URL

2022-02-22 15:37:10 - [MESSAGE][INFO] - Launch URL

2022-02-22 15:37:10 - [TEST_STEP][PASSED] - openBrowser(G_SiteURL): Browser is opened with url: 'http://demoaut.katalon.com'

2022-02-22 15:37:10 - [MESSAGE][INFO] - Starting 'Chrome' driver

2022-02-22 15:37:10 - [MESSAGE][INFO] - Action delay is set to 0 milliseconds

2022-02-22 15:37:15 - [MESSAGE][PASSED] - Browser is opened with url: 'http://demoaut.katalon.com'

2022-02-22 15:37:15 - [TEST_STEP][PASSED] - maximizeWindow(): Current window maximized

2022-02-22 15:37:15 - [MESSAGE][PASSED] - Current window maximized

2022-02-22 15:37:15 - [TEST_STEP][PASSED] - comment("User Click on Make Appoinment button"): User Click on Make Appoinment button

2022-02-22 15:37:15 - [MESSAGE][INFO] - User Click on Make Appoinment button

2022-02-22 15:37:15 - [TEST_STEP][PASSED] - click(findTestObject("Page_CuraHomepage/btn_MakeAppointment")): Object: 'Object Repository/Page_CuraHomepage/btn_MakeAppointment' is clicked on

2022-02-22 15:37:17 - [MESSAGE][PASSED] - Object: 'Object Repository/Page_CuraHomepage/btn_MakeAppointment' is clicked on

2022-02-22 15:37:17 - [TEST_STEP][PASSED] - setText(findTestObject("Page_Login/txt_UserName"), findTestData("TestData").getValue(1, 1)): Text 'John Doe' is set on object 'Object Repository/Page_Login/txt_UserName'

2022-02-22 15:37:18 - [MESSAGE][PASSED] - Text 'John Doe' is set on object 'Object Repository/Page_Login/txt_UserName'

2022-02-22 15:37:18 - [TEST_STEP][PASSED] - setText(findTestObject("Page_Login/txt_Password"), findTestData("TestData").getValue(2, 1)): Text 'ThisIsNotAPassword' is set on object 'Object Repository/Page_Login/txt_Password'

2022-02-22 15:37:19 - [MESSAGE][PASSED] - Text 'ThisIsNotAPassword' is set on object 'Object Repository/Page_Login/txt_Password'

2022-02-22 15:37:19 - [TEST_STEP][PASSED] - click(findTestObject("Page_Login/btn_Login")): Object: 'Object Repository/Page_Login/btn_Login' is clicked on

2022-02-22 15:37:20 - [MESSAGE][PASSED] - Object: 'Object Repository/Page_Login/btn_Login' is clicked on

2022-02-22 15:37:20 - [TEST_STEP][PASSED] - comment("User Login Sucessfully"): User Login Sucessfully

2022-02-22 15:37:20 - [MESSAGE][INFO] - User Login Sucessfully

2022-02-22 15:37:20 - [TEST_STEP][PASSED] - click(findTestObject("Page_AppointmentConfirmation/a_Make Appointment")): Object: 'Object Repository/Page_AppointmentConfirmation/a_Make Appointment' is clicked on

2022-02-22 15:37:20 - [MESSAGE][PASSED] - Object: 'Object Repository/Page_AppointmentConfirmation/a_Make Appointment' is clicked on

2022-02-22 15:37:20 - [TEST_STEP][PASSED] - comment("User navigate to appoinment Page"): User navigate to appoinment Page

2022-02-22 15:37:20 - [MESSAGE][INFO] - User navigate to appoinment Page

2022-02-22 15:37:20 - [TEST_STEP][PASSED] - click(findTestObject("Page_CuraAppointment/select_")): Object: 'Object Repository/Page_CuraAppointment/select_' is clicked on

2022-02-22 15:37:21 - [MESSAGE][PASSED] - Object: 'Object Repository/Page_CuraAppointment/select_' is clicked on

2022-02-22 15:37:21 - [TEST_STEP][PASSED] - selectOptionByLabel(findTestObject("Page_CuraAppointment/select_"), "Hongkong CURA Healthcare Center", true): All options with label 'Hongkong CURA Healthcare Center' are selected in object 'Object Repository/Page_CuraAppointment/select_'  using regular expression

2022-02-22 15:37:22 - [MESSAGE][PASSED] - All options with label 'Hongkong CURA Healthcare Center' are selected in object 'Object Repository/Page_CuraAppointment/select_'  using regular expression

2022-02-22 15:37:22 - [TEST_STEP][PASSED] - closeBrowser(): Browser is closed

2022-02-22 15:37:23 - [MESSAGE][PASSED] - Browser is closed]]></system-out>
         <system-err><![CDATA[]]></system-err>
      </testcase>
      <testcase name="Test Cases/Main Test Cases/TC19_Verify the Home Functinality" time="13.055" classname="Test Cases/Main Test Cases/TC19_Verify the Home Functinality" status="PASSED">
         <system-out><![CDATA[2022-02-22 15:37:23 - [TEST_CASE][PASSED] - Test Cases/Main Test Cases/TC19_Verify the Home Functinality: Test Cases/Main Test Cases/TC19_Verify the Home Functinality

2022-02-22 15:37:24 - [TEST_STEP][PASSED] - comment(""): 

2022-02-22 15:37:24 - [MESSAGE][INFO] - 

2022-02-22 15:37:24 - [TEST_STEP][PASSED] - openBrowser(G_SiteURL): Browser is opened with url: 'http://demoaut.katalon.com'

2022-02-22 15:37:24 - [MESSAGE][INFO] - Starting 'Chrome' driver

2022-02-22 15:37:24 - [MESSAGE][INFO] - Action delay is set to 0 milliseconds

2022-02-22 15:37:31 - [MESSAGE][PASSED] - Browser is opened with url: 'http://demoaut.katalon.com'

2022-02-22 15:37:31 - [TEST_STEP][PASSED] - click(findTestObject("Page_CURA Healthcare Service/a_Make Appointment")): Object: 'Object Repository/Page_CURA Healthcare Service/a_Make Appointment' is clicked on

2022-02-22 15:37:32 - [MESSAGE][PASSED] - Object: 'Object Repository/Page_CURA Healthcare Service/a_Make Appointment' is clicked on

2022-02-22 15:37:32 - [TEST_STEP][PASSED] - setText(findTestObject("Page_Login/txt_UserName"), findTestData("TestData").getValue(1, 1)): Text 'John Doe' is set on object 'Object Repository/Page_Login/txt_UserName'

2022-02-22 15:37:33 - [MESSAGE][PASSED] - Text 'John Doe' is set on object 'Object Repository/Page_Login/txt_UserName'

2022-02-22 15:37:33 - [TEST_STEP][PASSED] - setText(findTestObject("Page_Login/txt_Password"), findTestData("TestData").getValue(2, 1)): Text 'ThisIsNotAPassword' is set on object 'Object Repository/Page_Login/txt_Password'

2022-02-22 15:37:34 - [MESSAGE][PASSED] - Text 'ThisIsNotAPassword' is set on object 'Object Repository/Page_Login/txt_Password'

2022-02-22 15:37:34 - [TEST_STEP][PASSED] - click(findTestObject("Page_Login/btn_Login")): Object: 'Object Repository/Page_Login/btn_Login' is clicked on

2022-02-22 15:37:35 - [MESSAGE][PASSED] - Object: 'Object Repository/Page_Login/btn_Login' is clicked on

2022-02-22 15:37:35 - [TEST_STEP][PASSED] - click(findTestObject("Page_AppointmentConfirmation/a_CURA Healthcare_menu-toggle")): Object: 'Object Repository/Page_AppointmentConfirmation/a_CURA Healthcare_menu-toggle' is clicked on

2022-02-22 15:37:35 - [MESSAGE][PASSED] - Object: 'Object Repository/Page_AppointmentConfirmation/a_CURA Healthcare_menu-toggle' is clicked on

2022-02-22 15:37:35 - [TEST_STEP][PASSED] - click(findTestObject("Page_AppointmentConfirmation/a_Home")): Object: 'Object Repository/Page_AppointmentConfirmation/a_Home' is clicked on

2022-02-22 15:37:36 - [MESSAGE][PASSED] - Object: 'Object Repository/Page_AppointmentConfirmation/a_Home' is clicked on

2022-02-22 15:37:36 - [TEST_STEP][PASSED] - verifyElementPresent(findTestObject("Page_CURA Healthcare Service/h1_CURA Healthcare Service"), G_ShortTimeOut): Object 'Object Repository/Page_CURA Healthcare Service/h1_CURA Healthcare Service' is present

2022-02-22 15:37:37 - [MESSAGE][PASSED] - Object 'Object Repository/Page_CURA Healthcare Service/h1_CURA Healthcare Service' is present]]></system-out>
         <system-err><![CDATA[]]></system-err>
      </testcase>
      <testcase name="Test Cases/Main Test Cases/TC20_Verify User Should Not Able To Select Past Date" time="0.431" classname="Test Cases/Main Test Cases/TC20_Verify User Should Not Able To Select Past Date" status="ERROR">
         <error type="ERROR" message="Test Cases/Main Test Cases/TC20_Verify User Should Not Able To Select Past Date FAILED.
Reason:
org.codehaus.groovy.control.MultipleCompilationErrorsException: startup failed:
file:/C:/Users/LENOVO/git/CrossCountry/Scripts/Main%20Test%20Cases/TC20_Verify%20User%20Should%20Not%20Able%20To%20Select%20Past%20Date/Script1645427387222.groovy: 36: unable to resolve class SimpleDateFormat 
 @ line 36, column 18.
   SimpleDateFormat format = new SimpleDateFormat('yyyy-MM-dd')
                    ^

file:/C:/Users/LENOVO/git/CrossCountry/Scripts/Main%20Test%20Cases/TC20_Verify%20User%20Should%20Not%20Able%20To%20Select%20Past%20Date/Script1645427387222.groovy: 36: unable to resolve class SimpleDateFormat 
 @ line 36, column 27.
   SimpleDateFormat format = new SimpleDateFormat('yyyy-MM-dd')
                             ^

2 errors

	at com.kms.katalon.core.main.ScriptEngine.getScript(ScriptEngine.java:199)
	at com.kms.katalon.core.main.ScriptEngine.run(ScriptEngine.java:194)
	at com.kms.katalon.core.main.ScriptEngine.runScriptAsRawText(ScriptEngine.java:119)
	at com.kms.katalon.core.main.TestCaseExecutor.runScript(TestCaseExecutor.java:442)
	at com.kms.katalon.core.main.TestCaseExecutor.doExecute(TestCaseExecutor.java:433)
	at com.kms.katalon.core.main.TestCaseExecutor.processExecutionPhase(TestCaseExecutor.java:412)
	at com.kms.katalon.core.main.TestCaseExecutor.accessMainPhase(TestCaseExecutor.java:404)
	at com.kms.katalon.core.main.TestCaseExecutor.execute(TestCaseExecutor.java:281)
	at com.kms.katalon.core.main.TestCaseExecutor.execute(TestCaseExecutor.java:363)
	at com.kms.katalon.core.main.TestCaseExecutor.execute(TestCaseExecutor.java:363)
	at com.kms.katalon.core.main.TestCaseExecutor.execute(TestCaseExecutor.java:363)
	at com.kms.katalon.core.main.TestSuiteExecutor.accessTestCaseMainPhase(TestSuiteExecutor.java:202)
	at com.kms.katalon.core.main.TestSuiteExecutor.accessTestSuiteMainPhase(TestSuiteExecutor.java:164)
	at com.kms.katalon.core.main.TestSuiteExecutor.execute(TestSuiteExecutor.java:105)
	at com.kms.katalon.core.main.TestCaseMain.startTestSuite(TestCaseMain.java:185)
	at com.kms.katalon.core.main.TestCaseMain$startTestSuite$0.call(Unknown Source)
	at TempTestSuite1645524203977.run(TempTestSuite1645524203977.groovy:36)
"/>
         <system-out><![CDATA[2022-02-22 15:37:38 - [TEST_CASE][ERROR] - Test Cases/Main Test Cases/TC20_Verify User Should Not Able To Select Past Date: Test Cases/Main Test Cases/TC20_Verify User Should Not Able To Select Past Date FAILED.
Reason:
org.codehaus.groovy.control.MultipleCompilationErrorsException: startup failed:
file:/C:/Users/LENOVO/git/CrossCountry/Scripts/Main%20Test%20Cases/TC20_Verify%20User%20Should%20Not%20Able%20To%20Select%20Past%20Date/Script1645427387222.groovy: 36: unable to resolve class SimpleDateFormat 
 @ line 36, column 18.
   SimpleDateFormat format = new SimpleDateFormat('yyyy-MM-dd')
                    ^

file:/C:/Users/LENOVO/git/CrossCountry/Scripts/Main%20Test%20Cases/TC20_Verify%20User%20Should%20Not%20Able%20To%20Select%20Past%20Date/Script1645427387222.groovy: 36: unable to resolve class SimpleDateFormat 
 @ line 36, column 27.
   SimpleDateFormat format = new SimpleDateFormat('yyyy-MM-dd')
                             ^

2 errors

	at com.kms.katalon.core.main.ScriptEngine.getScript(ScriptEngine.java:199)
	at com.kms.katalon.core.main.ScriptEngine.run(ScriptEngine.java:194)
	at com.kms.katalon.core.main.ScriptEngine.runScriptAsRawText(ScriptEngine.java:119)
	at com.kms.katalon.core.main.TestCaseExecutor.runScript(TestCaseExecutor.java:442)
	at com.kms.katalon.core.main.TestCaseExecutor.doExecute(TestCaseExecutor.java:433)
	at com.kms.katalon.core.main.TestCaseExecutor.processExecutionPhase(TestCaseExecutor.java:412)
	at com.kms.katalon.core.main.TestCaseExecutor.accessMainPhase(TestCaseExecutor.java:404)
	at com.kms.katalon.core.main.TestCaseExecutor.execute(TestCaseExecutor.java:281)
	at com.kms.katalon.core.main.TestCaseExecutor.execute(TestCaseExecutor.java:363)
	at com.kms.katalon.core.main.TestCaseExecutor.execute(TestCaseExecutor.java:363)
	at com.kms.katalon.core.main.TestCaseExecutor.execute(TestCaseExecutor.java:363)
	at com.kms.katalon.core.main.TestSuiteExecutor.accessTestCaseMainPhase(TestSuiteExecutor.java:202)
	at com.kms.katalon.core.main.TestSuiteExecutor.accessTestSuiteMainPhase(TestSuiteExecutor.java:164)
	at com.kms.katalon.core.main.TestSuiteExecutor.execute(TestSuiteExecutor.java:105)
	at com.kms.katalon.core.main.TestCaseMain.startTestSuite(TestCaseMain.java:185)
	at com.kms.katalon.core.main.TestCaseMain$startTestSuite$0.call(Unknown Source)
	at TempTestSuite1645524203977.run(TempTestSuite1645524203977.groovy:36)]]></system-out>
         <system-err><![CDATA[2022-02-22 15:37:38 - [TEST_CASE][ERROR] - Test Cases/Main Test Cases/TC20_Verify User Should Not Able To Select Past Date: Test Cases/Main Test Cases/TC20_Verify User Should Not Able To Select Past Date FAILED.
Reason:
org.codehaus.groovy.control.MultipleCompilationErrorsException: startup failed:
file:/C:/Users/LENOVO/git/CrossCountry/Scripts/Main%20Test%20Cases/TC20_Verify%20User%20Should%20Not%20Able%20To%20Select%20Past%20Date/Script1645427387222.groovy: 36: unable to resolve class SimpleDateFormat 
 @ line 36, column 18.
   SimpleDateFormat format = new SimpleDateFormat('yyyy-MM-dd')
                    ^

file:/C:/Users/LENOVO/git/CrossCountry/Scripts/Main%20Test%20Cases/TC20_Verify%20User%20Should%20Not%20Able%20To%20Select%20Past%20Date/Script1645427387222.groovy: 36: unable to resolve class SimpleDateFormat 
 @ line 36, column 27.
   SimpleDateFormat format = new SimpleDateFormat('yyyy-MM-dd')
                             ^

2 errors

	at com.kms.katalon.core.main.ScriptEngine.getScript(ScriptEngine.java:199)
	at com.kms.katalon.core.main.ScriptEngine.run(ScriptEngine.java:194)
	at com.kms.katalon.core.main.ScriptEngine.runScriptAsRawText(ScriptEngine.java:119)
	at com.kms.katalon.core.main.TestCaseExecutor.runScript(TestCaseExecutor.java:442)
	at com.kms.katalon.core.main.TestCaseExecutor.doExecute(TestCaseExecutor.java:433)
	at com.kms.katalon.core.main.TestCaseExecutor.processExecutionPhase(TestCaseExecutor.java:412)
	at com.kms.katalon.core.main.TestCaseExecutor.accessMainPhase(TestCaseExecutor.java:404)
	at com.kms.katalon.core.main.TestCaseExecutor.execute(TestCaseExecutor.java:281)
	at com.kms.katalon.core.main.TestCaseExecutor.execute(TestCaseExecutor.java:363)
	at com.kms.katalon.core.main.TestCaseExecutor.execute(TestCaseExecutor.java:363)
	at com.kms.katalon.core.main.TestCaseExecutor.execute(TestCaseExecutor.java:363)
	at com.kms.katalon.core.main.TestSuiteExecutor.accessTestCaseMainPhase(TestSuiteExecutor.java:202)
	at com.kms.katalon.core.main.TestSuiteExecutor.accessTestSuiteMainPhase(TestSuiteExecutor.java:164)
	at com.kms.katalon.core.main.TestSuiteExecutor.execute(TestSuiteExecutor.java:105)
	at com.kms.katalon.core.main.TestCaseMain.startTestSuite(TestCaseMain.java:185)
	at com.kms.katalon.core.main.TestCaseMain$startTestSuite$0.call(Unknown Source)
	at TempTestSuite1645524203977.run(TempTestSuite1645524203977.groovy:36)]]></system-err>
      </testcase>
      <testcase name="Test Cases/Main Test Cases/TC21_Verify the Profile Functionality" time="18.264" classname="Test Cases/Main Test Cases/TC21_Verify the Profile Functionality" status="PASSED">
         <system-out><![CDATA[2022-02-22 15:37:38 - [TEST_CASE][PASSED] - Test Cases/Main Test Cases/TC21_Verify the Profile Functionality: Test Cases/Main Test Cases/TC21_Verify the Profile Functionality

2022-02-22 15:37:39 - [TEST_STEP][PASSED] - openBrowser(G_SiteURL): Browser is opened with url: 'http://demoaut.katalon.com'

2022-02-22 15:37:39 - [MESSAGE][WARNING] - A browser is already opened. Closing browser and opening a new one

2022-02-22 15:37:40 - [MESSAGE][INFO] - Starting 'Chrome' driver

2022-02-22 15:37:40 - [MESSAGE][INFO] - Action delay is set to 0 milliseconds

2022-02-22 15:37:48 - [MESSAGE][PASSED] - Browser is opened with url: 'http://demoaut.katalon.com'

2022-02-22 15:37:48 - [TEST_STEP][PASSED] - click(findTestObject("Page_CURA Healthcare Service/a_Make Appointment")): Object: 'Object Repository/Page_CURA Healthcare Service/a_Make Appointment' is clicked on

2022-02-22 15:37:49 - [MESSAGE][PASSED] - Object: 'Object Repository/Page_CURA Healthcare Service/a_Make Appointment' is clicked on

2022-02-22 15:37:49 - [TEST_STEP][PASSED] - setText(findTestObject("Page_Login/txt_UserName"), findTestData("TestData").getValue(1, 1)): Text 'John Doe' is set on object 'Object Repository/Page_Login/txt_UserName'

2022-02-22 15:37:50 - [MESSAGE][PASSED] - Text 'John Doe' is set on object 'Object Repository/Page_Login/txt_UserName'

2022-02-22 15:37:50 - [TEST_STEP][PASSED] - setText(findTestObject("Page_Login/txt_Password"), findTestData("TestData").getValue(2, 1)): Text 'ThisIsNotAPassword' is set on object 'Object Repository/Page_Login/txt_Password'

2022-02-22 15:37:52 - [MESSAGE][PASSED] - Text 'ThisIsNotAPassword' is set on object 'Object Repository/Page_Login/txt_Password'

2022-02-22 15:37:52 - [TEST_STEP][PASSED] - click(findTestObject("Page_Login/btn_Login")): Object: 'Object Repository/Page_Login/btn_Login' is clicked on

2022-02-22 15:37:53 - [MESSAGE][PASSED] - Object: 'Object Repository/Page_Login/btn_Login' is clicked on

2022-02-22 15:37:53 - [TEST_STEP][PASSED] - verifyElementPresent(findTestObject("Page_AppointmentConfirmation/a_CURA Healthcare_menu-toggle"), G_ShortTimeOut): Object 'Object Repository/Page_AppointmentConfirmation/a_CURA Healthcare_menu-toggle' is present

2022-02-22 15:37:53 - [MESSAGE][PASSED] - Object 'Object Repository/Page_AppointmentConfirmation/a_CURA Healthcare_menu-toggle' is present

2022-02-22 15:37:53 - [TEST_STEP][PASSED] - click(findTestObject("Page_AppointmentConfirmation/a_CURA Healthcare_menu-toggle")): Object: 'Object Repository/Page_AppointmentConfirmation/a_CURA Healthcare_menu-toggle' is clicked on

2022-02-22 15:37:54 - [MESSAGE][PASSED] - Object: 'Object Repository/Page_AppointmentConfirmation/a_CURA Healthcare_menu-toggle' is clicked on

2022-02-22 15:37:54 - [TEST_STEP][PASSED] - verifyElementPresent(findTestObject("Page_CURA Healthcare Service/a_Profile"), G_ShortTimeOut): Object 'Object Repository/Page_CURA Healthcare Service/a_Profile' is present

2022-02-22 15:37:55 - [MESSAGE][PASSED] - Object 'Object Repository/Page_CURA Healthcare Service/a_Profile' is present

2022-02-22 15:37:55 - [TEST_STEP][PASSED] - click(findTestObject("Page_CURA Healthcare Service/a_Profile")): Object: 'Object Repository/Page_CURA Healthcare Service/a_Profile' is clicked on

2022-02-22 15:37:56 - [MESSAGE][PASSED] - Object: 'Object Repository/Page_CURA Healthcare Service/a_Profile' is clicked on

2022-02-22 15:37:56 - [TEST_STEP][PASSED] - verifyElementPresent(findTestObject("Page_CURA Healthcare Service/h2_Profile"), G_ShortTimeOut): Object 'Object Repository/Page_CURA Healthcare Service/h2_Profile' is present

2022-02-22 15:37:56 - [MESSAGE][PASSED] - Object 'Object Repository/Page_CURA Healthcare Service/h2_Profile' is present

2022-02-22 15:37:56 - [TEST_STEP][PASSED] - comment("Profile Page get displayed after click on Profile option From Hamburger Menu"): Profile Page get displayed after click on Profile option From Hamburger Menu

2022-02-22 15:37:56 - [MESSAGE][INFO] - Profile Page get displayed after click on Profile option From Hamburger Menu

2022-02-22 15:37:56 - [TEST_STEP][PASSED] - closeBrowser(): Browser is closed

2022-02-22 15:37:57 - [MESSAGE][PASSED] - Browser is closed]]></system-out>
         <system-err><![CDATA[]]></system-err>
      </testcase>
      <testcase name="Test Cases/Main Test Cases/TC22_Verify the Go to HomePage Functionality" time="17.271" classname="Test Cases/Main Test Cases/TC22_Verify the Go to HomePage Functionality" status="PASSED">
         <system-out><![CDATA[2022-02-22 15:37:57 - [TEST_CASE][PASSED] - Test Cases/Main Test Cases/TC22_Verify the Go to HomePage Functionality: Test Cases/Main Test Cases/TC22_Verify the Go to HomePage Functionality

2022-02-22 15:37:58 - [TEST_STEP][PASSED] - comment("Verification of click on Go To Homepage Button on Appointment Page"): Verification of click on Go To Homepage Button on Appointment Page

2022-02-22 15:37:58 - [MESSAGE][INFO] - Verification of click on Go To Homepage Button on Appointment Page

2022-02-22 15:37:58 - [TEST_STEP][PASSED] - openBrowser(G_SiteURL): Browser is opened with url: 'http://demoaut.katalon.com'

2022-02-22 15:37:58 - [MESSAGE][INFO] - Starting 'Chrome' driver

2022-02-22 15:37:58 - [MESSAGE][INFO] - Action delay is set to 0 milliseconds

2022-02-22 15:38:05 - [MESSAGE][PASSED] - Browser is opened with url: 'http://demoaut.katalon.com'

2022-02-22 15:38:05 - [TEST_STEP][PASSED] - comment("You are now Home Page of Cura HealthCare System"): You are now Home Page of Cura HealthCare System

2022-02-22 15:38:05 - [MESSAGE][INFO] - You are now Home Page of Cura HealthCare System

2022-02-22 15:38:05 - [TEST_STEP][PASSED] - click(findTestObject("Page_CURA Healthcare Service/a_Make Appointment")): Object: 'Object Repository/Page_CURA Healthcare Service/a_Make Appointment' is clicked on

2022-02-22 15:38:06 - [MESSAGE][PASSED] - Object: 'Object Repository/Page_CURA Healthcare Service/a_Make Appointment' is clicked on

2022-02-22 15:38:06 - [TEST_STEP][PASSED] - comment("User is On Login Page Now"): User is On Login Page Now

2022-02-22 15:38:06 - [MESSAGE][INFO] - User is On Login Page Now

2022-02-22 15:38:06 - [TEST_STEP][PASSED] - setText(findTestObject("Page_Login/txt_UserName"), findTestData("TestData").getValue(1, 1)): Text 'John Doe' is set on object 'Object Repository/Page_Login/txt_UserName'

2022-02-22 15:38:07 - [MESSAGE][PASSED] - Text 'John Doe' is set on object 'Object Repository/Page_Login/txt_UserName'

2022-02-22 15:38:07 - [TEST_STEP][PASSED] - setText(findTestObject("Page_Login/txt_Password"), findTestData("TestData").getValue(2, 1)): Text 'ThisIsNotAPassword' is set on object 'Object Repository/Page_Login/txt_Password'

2022-02-22 15:38:08 - [MESSAGE][PASSED] - Text 'ThisIsNotAPassword' is set on object 'Object Repository/Page_Login/txt_Password'

2022-02-22 15:38:08 - [TEST_STEP][PASSED] - click(findTestObject("Page_Login/btn_Login")): Object: 'Object Repository/Page_Login/btn_Login' is clicked on

2022-02-22 15:38:09 - [MESSAGE][PASSED] - Object: 'Object Repository/Page_Login/btn_Login' is clicked on

2022-02-22 15:38:09 - [TEST_STEP][PASSED] - click(findTestObject("Page_AppointmentConfirmation/input_Visit Date (Required)_visit_date")): Object: 'Object Repository/Page_AppointmentConfirmation/input_Visit Date (Required)_visit_date' is clicked on

2022-02-22 15:38:10 - [MESSAGE][PASSED] - Object: 'Object Repository/Page_AppointmentConfirmation/input_Visit Date (Required)_visit_date' is clicked on

2022-02-22 15:38:10 - [TEST_STEP][PASSED] - click(findTestObject("Page_AppointmentConfirmation/div_Visit Date (Required)_input-group-addon")): Object: 'Object Repository/Page_AppointmentConfirmation/div_Visit Date (Required)_input-group-addon' is clicked on

2022-02-22 15:38:10 - [MESSAGE][PASSED] - Object: 'Object Repository/Page_AppointmentConfirmation/div_Visit Date (Required)_input-group-addon' is clicked on

2022-02-22 15:38:10 - [TEST_STEP][PASSED] - click(findTestObject("Page_AppointmentConfirmation/td_28")): Object: 'Object Repository/Page_AppointmentConfirmation/td_28' is clicked on

2022-02-22 15:38:11 - [MESSAGE][PASSED] - Object: 'Object Repository/Page_AppointmentConfirmation/td_28' is clicked on

2022-02-22 15:38:11 - [TEST_STEP][PASSED] - click(findTestObject("Page_CURA Healthcare Service/button_Book Appointment")): Object: 'Object Repository/Page_CURA Healthcare Service/button_Book Appointment' is clicked on

2022-02-22 15:38:11 - [MESSAGE][PASSED] - Object: 'Object Repository/Page_CURA Healthcare Service/button_Book Appointment' is clicked on

2022-02-22 15:38:12 - [TEST_STEP][PASSED] - verifyElementPresent(findTestObject("Page_AppointmentConfirmation/h2_Appointment Confirmation"), G_ShortTimeOut): Object 'Object Repository/Page_AppointmentConfirmation/h2_Appointment Confirmation' is present

2022-02-22 15:38:12 - [MESSAGE][PASSED] - Object 'Object Repository/Page_AppointmentConfirmation/h2_Appointment Confirmation' is present

2022-02-22 15:38:12 - [TEST_STEP][PASSED] - verifyElementPresent(findTestObject("Page_AppointmentConfirmation/a_Go to Homepage"), G_ShortTimeOut): Object 'Object Repository/Page_AppointmentConfirmation/a_Go to Homepage' is present

2022-02-22 15:38:12 - [MESSAGE][PASSED] - Object 'Object Repository/Page_AppointmentConfirmation/a_Go to Homepage' is present

2022-02-22 15:38:12 - [TEST_STEP][PASSED] - comment("Go To Hmepage option is displayed on page"): Go To Hmepage option is displayed on page

2022-02-22 15:38:12 - [MESSAGE][INFO] - Go To Hmepage option is displayed on page

2022-02-22 15:38:12 - [TEST_STEP][PASSED] - click(findTestObject("Page_AppointmentConfirmation/a_Go to Homepage")): Object: 'Object Repository/Page_AppointmentConfirmation/a_Go to Homepage' is clicked on

2022-02-22 15:38:13 - [MESSAGE][PASSED] - Object: 'Object Repository/Page_AppointmentConfirmation/a_Go to Homepage' is clicked on

2022-02-22 15:38:13 - [TEST_STEP][PASSED] - verifyElementPresent(findTestObject("Page_AppointmentConfirmation/a_Make Appointment"), 0): Object 'Object Repository/Page_AppointmentConfirmation/a_Make Appointment' is present

2022-02-22 15:38:13 - [MESSAGE][WARNING] - Timeout '0' is invalid. Using default page load timeout: '30'

2022-02-22 15:38:13 - [MESSAGE][PASSED] - Object 'Object Repository/Page_AppointmentConfirmation/a_Make Appointment' is present

2022-02-22 15:38:13 - [TEST_STEP][PASSED] - comment("User Navigated to the Home Page after click on Go to Homepage"): User Navigated to the Home Page after click on Go to Homepage

2022-02-22 15:38:13 - [MESSAGE][INFO] - User Navigated to the Home Page after click on Go to Homepage

2022-02-22 15:38:13 - [TEST_STEP][PASSED] - closeBrowser(): Browser is closed

2022-02-22 15:38:14 - [MESSAGE][PASSED] - Browser is closed]]></system-out>
         <system-err><![CDATA[]]></system-err>
      </testcase>
      <testcase name="Test Cases/Main Test Cases/TC23_Verify Functionalityof Apply For Redmission Checkbox" time="46.282" classname="Test Cases/Main Test Cases/TC23_Verify Functionalityof Apply For Redmission Checkbox" status="PASSED">
         <system-out><![CDATA[2022-02-22 15:38:14 - [TEST_CASE][PASSED] - Test Cases/Main Test Cases/TC23_Verify Functionalityof Apply For Redmission Checkbox: Test Cases/Main Test Cases/TC23_Verify Functionalityof Apply For Redmission Checkbox

2022-02-22 15:38:15 - [TEST_STEP][PASSED] - comment("Launch URL"): Launch URL

2022-02-22 15:38:15 - [MESSAGE][INFO] - Launch URL

2022-02-22 15:38:15 - [TEST_STEP][PASSED] - openBrowser(G_SiteURL): Browser is opened with url: 'http://demoaut.katalon.com'

2022-02-22 15:38:15 - [MESSAGE][INFO] - Starting 'Chrome' driver

2022-02-22 15:38:15 - [MESSAGE][INFO] - Action delay is set to 0 milliseconds

2022-02-22 15:38:20 - [MESSAGE][PASSED] - Browser is opened with url: 'http://demoaut.katalon.com'

2022-02-22 15:38:20 - [TEST_STEP][PASSED] - maximizeWindow(): Current window maximized

2022-02-22 15:38:20 - [MESSAGE][PASSED] - Current window maximized

2022-02-22 15:38:20 - [TEST_STEP][PASSED] - click(findTestObject("Page_CuraHomepage/btn_MakeAppointment")): Object: 'Object Repository/Page_CuraHomepage/btn_MakeAppointment' is clicked on

2022-02-22 15:38:22 - [MESSAGE][PASSED] - Object: 'Object Repository/Page_CuraHomepage/btn_MakeAppointment' is clicked on

2022-02-22 15:38:22 - [TEST_STEP][PASSED] - comment("User click on Make Appoinment"): User click on Make Appoinment

2022-02-22 15:38:22 - [MESSAGE][INFO] - User click on Make Appoinment

2022-02-22 15:38:22 - [TEST_STEP][PASSED] - setText(findTestObject("Page_Login/txt_UserName"), findTestData("TestData").getValue(1, 1)): Text 'John Doe' is set on object 'Object Repository/Page_Login/txt_UserName'

2022-02-22 15:38:23 - [MESSAGE][PASSED] - Text 'John Doe' is set on object 'Object Repository/Page_Login/txt_UserName'

2022-02-22 15:38:23 - [TEST_STEP][PASSED] - setText(findTestObject("Page_Login/txt_Password"), findTestData("TestData").getValue(2, 1)): Text 'ThisIsNotAPassword' is set on object 'Object Repository/Page_Login/txt_Password'

2022-02-22 15:38:24 - [MESSAGE][PASSED] - Text 'ThisIsNotAPassword' is set on object 'Object Repository/Page_Login/txt_Password'

2022-02-22 15:38:24 - [TEST_STEP][PASSED] - click(findTestObject("Page_Login/btn_Login")): Object: 'Object Repository/Page_Login/btn_Login' is clicked on

2022-02-22 15:38:25 - [MESSAGE][PASSED] - Object: 'Object Repository/Page_Login/btn_Login' is clicked on

2022-02-22 15:38:25 - [TEST_STEP][PASSED] - comment("User Login Sucessfully"): User Login Sucessfully

2022-02-22 15:38:25 - [MESSAGE][INFO] - User Login Sucessfully

2022-02-22 15:38:25 - [TEST_STEP][PASSED] - click(findTestObject("Page_AppointmentConfirmation/a_Make Appointment")): Object: 'Object Repository/Page_AppointmentConfirmation/a_Make Appointment' is clicked on

2022-02-22 15:38:25 - [MESSAGE][PASSED] - Object: 'Object Repository/Page_AppointmentConfirmation/a_Make Appointment' is clicked on

2022-02-22 15:38:25 - [TEST_STEP][PASSED] - comment("User navigate to appoinment page"): User navigate to appoinment page

2022-02-22 15:38:25 - [MESSAGE][INFO] - User navigate to appoinment page

2022-02-22 15:38:25 - [TEST_STEP][PASSED] - click(findTestObject("Page_CuraAppointment/select_")): Object: 'Object Repository/Page_CuraAppointment/select_' is clicked on

2022-02-22 15:38:26 - [MESSAGE][PASSED] - Object: 'Object Repository/Page_CuraAppointment/select_' is clicked on

2022-02-22 15:38:26 - [TEST_STEP][PASSED] - selectOptionByLabel(findTestObject("Page_CuraAppointment/select_"), "Hongkong CURA Healthcare Center", true): All options with label 'Hongkong CURA Healthcare Center' are selected in object 'Object Repository/Page_CuraAppointment/select_'  using regular expression

2022-02-22 15:38:27 - [MESSAGE][PASSED] - All options with label 'Hongkong CURA Healthcare Center' are selected in object 'Object Repository/Page_CuraAppointment/select_'  using regular expression

2022-02-22 15:38:27 - [TEST_STEP][PASSED] - click(findTestObject("Page_CuraAppointment/select_")): Object: 'Object Repository/Page_CuraAppointment/select_' is clicked on

2022-02-22 15:38:27 - [MESSAGE][PASSED] - Object: 'Object Repository/Page_CuraAppointment/select_' is clicked on

2022-02-22 15:38:27 - [TEST_STEP][PASSED] - getText(findTestObject("Page_AppointmentConfirmation/label_Apply for hospital readmission")): Text of object 'Object Repository/Page_AppointmentConfirmation/label_Apply for hospital readmission' is: 'Apply for hospital readmission'

2022-02-22 15:38:28 - [MESSAGE][PASSED] - Text of object 'Object Repository/Page_AppointmentConfirmation/label_Apply for hospital readmission' is: 'Apply for hospital readmission'

2022-02-22 15:38:28 - [TEST_STEP][PASSED] - verifyElementPresent(findTestObject("Page_CuraAppointment/chk_Readmission"), G_ShortTimeOut): Object 'Object Repository/Page_CuraAppointment/chk_Readmission' is present

2022-02-22 15:38:28 - [MESSAGE][PASSED] - Object 'Object Repository/Page_CuraAppointment/chk_Readmission' is present

2022-02-22 15:38:28 - [TEST_STEP][PASSED] - verifyElementClickable(findTestObject("Page_AppointmentConfirmation/input_")): Object 'Object Repository/Page_AppointmentConfirmation/input_' is clickable

2022-02-22 15:38:59 - [MESSAGE][INFO] - Unable to find the element located by 'By.xpath: '. Please recheck the objects properties to make sure the desired element is located. 

2022-02-22 15:38:59 - [MESSAGE][WARNING] - [SELF-HEALING] Failed to find element with id 'Object Repository/Page_AppointmentConfirmation/input_'. Try using Self-healing.

2022-02-22 15:39:00 - [MESSAGE][WARNING] - [SELF-HEALING] The current locator of test object 'Object Repository/Page_AppointmentConfirmation/input_' was broken. Propose an alternative one: '//input[@id='chk_hospotal_readmission']'.

2022-02-22 15:39:00 - [MESSAGE][PASSED] - Object 'Object Repository/Page_AppointmentConfirmation/input_' is clickable

2022-02-22 15:39:00 - [TEST_STEP][PASSED] - closeBrowser(): Browser is closed

2022-02-22 15:39:00 - [MESSAGE][PASSED] - Browser is closed]]></system-out>
         <system-err><![CDATA[]]></system-err>
      </testcase>
      <testcase name="Test Cases/Main Test Cases/TC_001 For Profile Functionality" time="2.336" classname="Test Cases/Main Test Cases/TC_001 For Profile Functionality" status="PASSED">
         <system-out><![CDATA[2022-02-22 15:39:00 - [TEST_CASE][PASSED] - Test Cases/Main Test Cases/TC_001 For Profile Functionality: Test Cases/Main Test Cases/TC_001 For Profile Functionality

2022-02-22 15:39:01 - [TEST_STEP][PASSED] - openBrowser(URL): Browser is opened with url: 'null'

2022-02-22 15:39:01 - [MESSAGE][INFO] - Starting 'Chrome' driver

2022-02-22 15:39:01 - [MESSAGE][INFO] - Action delay is set to 0 milliseconds

2022-02-22 15:39:03 - [MESSAGE][PASSED] - Browser is opened with url: 'null']]></system-out>
         <system-err><![CDATA[]]></system-err>
      </testcase>
      <testcase name="Test Cases/Main Test Cases/TC_002 Verification of checkpoints" time="0.134" classname="Test Cases/Main Test Cases/TC_002 Verification of checkpoints" status="FAILED">
         <failure type="FAILED" message="Test Cases/Main Test Cases/TC_002 Verification of checkpoints FAILED.
Reason:
com.kms.katalon.core.exception.StepFailedException: Checkpoint data and Source data are NOT matched
	at com.kms.katalon.core.keyword.builtin.VerifyCheckpointKeyword$_verifyCheckpoint_closure1.doCall(VerifyCheckpointKeyword.groovy:123)
	at com.kms.katalon.core.keyword.builtin.VerifyCheckpointKeyword$_verifyCheckpoint_closure1.call(VerifyCheckpointKeyword.groovy)
	at com.kms.katalon.core.keyword.internal.KeywordMain.runKeyword(KeywordMain.groovy:74)
	at com.kms.katalon.core.keyword.builtin.VerifyCheckpointKeyword.verifyCheckpoint(VerifyCheckpointKeyword.groovy:125)
	at com.kms.katalon.core.keyword.builtin.VerifyCheckpointKeyword.execute(VerifyCheckpointKeyword.groovy:51)
	at com.kms.katalon.core.keyword.internal.KeywordExecutor.executeKeywordForPlatform(KeywordExecutor.groovy:74)
	at com.kms.katalon.core.keyword.BuiltinKeywords.verifyCheckpoint(BuiltinKeywords.groovy:404)
	at TC_002 Verification of checkpoints.run(TC_002 Verification of checkpoints:20)
	at com.kms.katalon.core.main.ScriptEngine.run(ScriptEngine.java:194)
	at com.kms.katalon.core.main.ScriptEngine.runScriptAsRawText(ScriptEngine.java:119)
	at com.kms.katalon.core.main.TestCaseExecutor.runScript(TestCaseExecutor.java:442)
	at com.kms.katalon.core.main.TestCaseExecutor.doExecute(TestCaseExecutor.java:433)
	at com.kms.katalon.core.main.TestCaseExecutor.processExecutionPhase(TestCaseExecutor.java:412)
	at com.kms.katalon.core.main.TestCaseExecutor.accessMainPhase(TestCaseExecutor.java:404)
	at com.kms.katalon.core.main.TestCaseExecutor.execute(TestCaseExecutor.java:281)
	at com.kms.katalon.core.main.TestCaseExecutor.execute(TestCaseExecutor.java:363)
	at com.kms.katalon.core.main.TestCaseExecutor.execute(TestCaseExecutor.java:363)
	at com.kms.katalon.core.main.TestCaseExecutor.execute(TestCaseExecutor.java:363)
	at com.kms.katalon.core.main.TestSuiteExecutor.accessTestCaseMainPhase(TestSuiteExecutor.java:202)
	at com.kms.katalon.core.main.TestSuiteExecutor.accessTestSuiteMainPhase(TestSuiteExecutor.java:164)
	at com.kms.katalon.core.main.TestSuiteExecutor.execute(TestSuiteExecutor.java:105)
	at com.kms.katalon.core.main.TestCaseMain.startTestSuite(TestCaseMain.java:185)
	at com.kms.katalon.core.main.TestCaseMain$startTestSuite$0.call(Unknown Source)
	at TempTestSuite1645524203977.run(TempTestSuite1645524203977.groovy:36)
"/>
         <system-out><![CDATA[2022-02-22 15:39:04 - [TEST_CASE][FAILED] - Test Cases/Main Test Cases/TC_002 Verification of checkpoints: Test Cases/Main Test Cases/TC_002 Verification of checkpoints FAILED.
Reason:
com.kms.katalon.core.exception.StepFailedException: Checkpoint data and Source data are NOT matched
	at com.kms.katalon.core.keyword.builtin.VerifyCheckpointKeyword$_verifyCheckpoint_closure1.doCall(VerifyCheckpointKeyword.groovy:123)
	at com.kms.katalon.core.keyword.builtin.VerifyCheckpointKeyword$_verifyCheckpoint_closure1.call(VerifyCheckpointKeyword.groovy)
	at com.kms.katalon.core.keyword.internal.KeywordMain.runKeyword(KeywordMain.groovy:74)
	at com.kms.katalon.core.keyword.builtin.VerifyCheckpointKeyword.verifyCheckpoint(VerifyCheckpointKeyword.groovy:125)
	at com.kms.katalon.core.keyword.builtin.VerifyCheckpointKeyword.execute(VerifyCheckpointKeyword.groovy:51)
	at com.kms.katalon.core.keyword.internal.KeywordExecutor.executeKeywordForPlatform(KeywordExecutor.groovy:74)
	at com.kms.katalon.core.keyword.BuiltinKeywords.verifyCheckpoint(BuiltinKeywords.groovy:404)
	at TC_002 Verification of checkpoints.run(TC_002 Verification of checkpoints:20)
	at com.kms.katalon.core.main.ScriptEngine.run(ScriptEngine.java:194)
	at com.kms.katalon.core.main.ScriptEngine.runScriptAsRawText(ScriptEngine.java:119)
	at com.kms.katalon.core.main.TestCaseExecutor.runScript(TestCaseExecutor.java:442)
	at com.kms.katalon.core.main.TestCaseExecutor.doExecute(TestCaseExecutor.java:433)
	at com.kms.katalon.core.main.TestCaseExecutor.processExecutionPhase(TestCaseExecutor.java:412)
	at com.kms.katalon.core.main.TestCaseExecutor.accessMainPhase(TestCaseExecutor.java:404)
	at com.kms.katalon.core.main.TestCaseExecutor.execute(TestCaseExecutor.java:281)
	at com.kms.katalon.core.main.TestCaseExecutor.execute(TestCaseExecutor.java:363)
	at com.kms.katalon.core.main.TestCaseExecutor.execute(TestCaseExecutor.java:363)
	at com.kms.katalon.core.main.TestCaseExecutor.execute(TestCaseExecutor.java:363)
	at com.kms.katalon.core.main.TestSuiteExecutor.accessTestCaseMainPhase(TestSuiteExecutor.java:202)
	at com.kms.katalon.core.main.TestSuiteExecutor.accessTestSuiteMainPhase(TestSuiteExecutor.java:164)
	at com.kms.katalon.core.main.TestSuiteExecutor.execute(TestSuiteExecutor.java:105)
	at com.kms.katalon.core.main.TestCaseMain.startTestSuite(TestCaseMain.java:185)
	at com.kms.katalon.core.main.TestCaseMain$startTestSuite$0.call(Unknown Source)
	at TempTestSuite1645524203977.run(TempTestSuite1645524203977.groovy:36)


2022-02-22 15:39:04 - [TEST_STEP][FAILED] - verifyCheckpoint(findCheckpoint("Checkpoints/Checkpoint1"), false): Unable to verify Checkpoint 'Checkpoints/Checkpoint1' (Root cause: com.kms.katalon.core.exception.StepFailedException: Checkpoint data and Source data are NOT matched
	at com.kms.katalon.core.keyword.builtin.VerifyCheckpointKeyword$_verifyCheckpoint_closure1.doCall(VerifyCheckpointKeyword.groovy:123)
	at com.kms.katalon.core.keyword.builtin.VerifyCheckpointKeyword$_verifyCheckpoint_closure1.call(VerifyCheckpointKeyword.groovy)
	at com.kms.katalon.core.keyword.internal.KeywordMain.runKeyword(KeywordMain.groovy:74)
	at com.kms.katalon.core.keyword.builtin.VerifyCheckpointKeyword.verifyCheckpoint(VerifyCheckpointKeyword.groovy:125)
	at com.kms.katalon.core.keyword.builtin.VerifyCheckpointKeyword.execute(VerifyCheckpointKeyword.groovy:51)
	at com.kms.katalon.core.keyword.internal.KeywordExecutor.executeKeywordForPlatform(KeywordExecutor.groovy:74)
	at com.kms.katalon.core.keyword.BuiltinKeywords.verifyCheckpoint(BuiltinKeywords.groovy:404)
	at TC_002 Verification of checkpoints.run(TC_002 Verification of checkpoints:20)
	at com.kms.katalon.core.main.ScriptEngine.run(ScriptEngine.java:194)
	at com.kms.katalon.core.main.ScriptEngine.runScriptAsRawText(ScriptEngine.java:119)
	at com.kms.katalon.core.main.TestCaseExecutor.runScript(TestCaseExecutor.java:442)
	at com.kms.katalon.core.main.TestCaseExecutor.doExecute(TestCaseExecutor.java:433)
	at com.kms.katalon.core.main.TestCaseExecutor.processExecutionPhase(TestCaseExecutor.java:412)
	at com.kms.katalon.core.main.TestCaseExecutor.accessMainPhase(TestCaseExecutor.java:404)
	at com.kms.katalon.core.main.TestCaseExecutor.execute(TestCaseExecutor.java:281)
	at com.kms.katalon.core.main.TestCaseExecutor.execute(TestCaseExecutor.java:363)
	at com.kms.katalon.core.main.TestCaseExecutor.execute(TestCaseExecutor.java:363)
	at com.kms.katalon.core.main.TestCaseExecutor.execute(TestCaseExecutor.java:363)
	at com.kms.katalon.core.main.TestSuiteExecutor.accessTestCaseMainPhase(TestSuiteExecutor.java:202)
	at com.kms.katalon.core.main.TestSuiteExecutor.accessTestSuiteMainPhase(TestSuiteExecutor.java:164)
	at com.kms.katalon.core.main.TestSuiteExecutor.execute(TestSuiteExecutor.java:105)
	at com.kms.katalon.core.main.TestCaseMain.startTestSuite(TestCaseMain.java:185)
	at com.kms.katalon.core.main.TestCaseMain$startTestSuite$0.call(Unknown Source)
	at TempTestSuite1645524203977.run(TempTestSuite1645524203977.groovy:36)
)

2022-02-22 15:39:04 - [MESSAGE][FAILED] - Unable to verify Checkpoint 'Checkpoints/Checkpoint1' (Root cause: com.kms.katalon.core.exception.StepFailedException: Checkpoint data and Source data are NOT matched
	at com.kms.katalon.core.keyword.builtin.VerifyCheckpointKeyword$_verifyCheckpoint_closure1.doCall(VerifyCheckpointKeyword.groovy:123)
	at com.kms.katalon.core.keyword.builtin.VerifyCheckpointKeyword$_verifyCheckpoint_closure1.call(VerifyCheckpointKeyword.groovy)
	at com.kms.katalon.core.keyword.internal.KeywordMain.runKeyword(KeywordMain.groovy:74)
	at com.kms.katalon.core.keyword.builtin.VerifyCheckpointKeyword.verifyCheckpoint(VerifyCheckpointKeyword.groovy:125)
	at com.kms.katalon.core.keyword.builtin.VerifyCheckpointKeyword.execute(VerifyCheckpointKeyword.groovy:51)
	at com.kms.katalon.core.keyword.internal.KeywordExecutor.executeKeywordForPlatform(KeywordExecutor.groovy:74)
	at com.kms.katalon.core.keyword.BuiltinKeywords.verifyCheckpoint(BuiltinKeywords.groovy:404)
	at TC_002 Verification of checkpoints.run(TC_002 Verification of checkpoints:20)
	at com.kms.katalon.core.main.ScriptEngine.run(ScriptEngine.java:194)
	at com.kms.katalon.core.main.ScriptEngine.runScriptAsRawText(ScriptEngine.java:119)
	at com.kms.katalon.core.main.TestCaseExecutor.runScript(TestCaseExecutor.java:442)
	at com.kms.katalon.core.main.TestCaseExecutor.doExecute(TestCaseExecutor.java:433)
	at com.kms.katalon.core.main.TestCaseExecutor.processExecutionPhase(TestCaseExecutor.java:412)
	at com.kms.katalon.core.main.TestCaseExecutor.accessMainPhase(TestCaseExecutor.java:404)
	at com.kms.katalon.core.main.TestCaseExecutor.execute(TestCaseExecutor.java:281)
	at com.kms.katalon.core.main.TestCaseExecutor.execute(TestCaseExecutor.java:363)
	at com.kms.katalon.core.main.TestCaseExecutor.execute(TestCaseExecutor.java:363)
	at com.kms.katalon.core.main.TestCaseExecutor.execute(TestCaseExecutor.java:363)
	at com.kms.katalon.core.main.TestSuiteExecutor.accessTestCaseMainPhase(TestSuiteExecutor.java:202)
	at com.kms.katalon.core.main.TestSuiteExecutor.accessTestSuiteMainPhase(TestSuiteExecutor.java:164)
	at com.kms.katalon.core.main.TestSuiteExecutor.execute(TestSuiteExecutor.java:105)
	at com.kms.katalon.core.main.TestCaseMain.startTestSuite(TestCaseMain.java:185)
	at com.kms.katalon.core.main.TestCaseMain$startTestSuite$0.call(Unknown Source)
	at TempTestSuite1645524203977.run(TempTestSuite1645524203977.groovy:36)
)]]></system-out>
         <system-err><![CDATA[2022-02-22 15:39:04 - [TEST_CASE][FAILED] - Test Cases/Main Test Cases/TC_002 Verification of checkpoints: Test Cases/Main Test Cases/TC_002 Verification of checkpoints FAILED.
Reason:
com.kms.katalon.core.exception.StepFailedException: Checkpoint data and Source data are NOT matched
	at com.kms.katalon.core.keyword.builtin.VerifyCheckpointKeyword$_verifyCheckpoint_closure1.doCall(VerifyCheckpointKeyword.groovy:123)
	at com.kms.katalon.core.keyword.builtin.VerifyCheckpointKeyword$_verifyCheckpoint_closure1.call(VerifyCheckpointKeyword.groovy)
	at com.kms.katalon.core.keyword.internal.KeywordMain.runKeyword(KeywordMain.groovy:74)
	at com.kms.katalon.core.keyword.builtin.VerifyCheckpointKeyword.verifyCheckpoint(VerifyCheckpointKeyword.groovy:125)
	at com.kms.katalon.core.keyword.builtin.VerifyCheckpointKeyword.execute(VerifyCheckpointKeyword.groovy:51)
	at com.kms.katalon.core.keyword.internal.KeywordExecutor.executeKeywordForPlatform(KeywordExecutor.groovy:74)
	at com.kms.katalon.core.keyword.BuiltinKeywords.verifyCheckpoint(BuiltinKeywords.groovy:404)
	at TC_002 Verification of checkpoints.run(TC_002 Verification of checkpoints:20)
	at com.kms.katalon.core.main.ScriptEngine.run(ScriptEngine.java:194)
	at com.kms.katalon.core.main.ScriptEngine.runScriptAsRawText(ScriptEngine.java:119)
	at com.kms.katalon.core.main.TestCaseExecutor.runScript(TestCaseExecutor.java:442)
	at com.kms.katalon.core.main.TestCaseExecutor.doExecute(TestCaseExecutor.java:433)
	at com.kms.katalon.core.main.TestCaseExecutor.processExecutionPhase(TestCaseExecutor.java:412)
	at com.kms.katalon.core.main.TestCaseExecutor.accessMainPhase(TestCaseExecutor.java:404)
	at com.kms.katalon.core.main.TestCaseExecutor.execute(TestCaseExecutor.java:281)
	at com.kms.katalon.core.main.TestCaseExecutor.execute(TestCaseExecutor.java:363)
	at com.kms.katalon.core.main.TestCaseExecutor.execute(TestCaseExecutor.java:363)
	at com.kms.katalon.core.main.TestCaseExecutor.execute(TestCaseExecutor.java:363)
	at com.kms.katalon.core.main.TestSuiteExecutor.accessTestCaseMainPhase(TestSuiteExecutor.java:202)
	at com.kms.katalon.core.main.TestSuiteExecutor.accessTestSuiteMainPhase(TestSuiteExecutor.java:164)
	at com.kms.katalon.core.main.TestSuiteExecutor.execute(TestSuiteExecutor.java:105)
	at com.kms.katalon.core.main.TestCaseMain.startTestSuite(TestCaseMain.java:185)
	at com.kms.katalon.core.main.TestCaseMain$startTestSuite$0.call(Unknown Source)
	at TempTestSuite1645524203977.run(TempTestSuite1645524203977.groovy:36)]]></system-err>
      </testcase>
      <system-out><![CDATA[2022-02-22 15:33:33 - [TEST_SUITE][ERROR] - Regression Test Suite: Test Cases/Main Test Cases/TC20_Verify User Should Not Able To Select Past Date FAILED.
Reason:
org.codehaus.groovy.control.MultipleCompilationErrorsException: startup failed:
file:/C:/Users/LENOVO/git/CrossCountry/Scripts/Main%20Test%20Cases/TC20_Verify%20User%20Should%20Not%20Able%20To%20Select%20Past%20Date/Script1645427387222.groovy: 36: unable to resolve class SimpleDateFormat 
 @ line 36, column 18.
   SimpleDateFormat format = new SimpleDateFormat('yyyy-MM-dd')
                    ^

file:/C:/Users/LENOVO/git/CrossCountry/Scripts/Main%20Test%20Cases/TC20_Verify%20User%20Should%20Not%20Able%20To%20Select%20Past%20Date/Script1645427387222.groovy: 36: unable to resolve class SimpleDateFormat 
 @ line 36, column 27.
   SimpleDateFormat format = new SimpleDateFormat('yyyy-MM-dd')
                             ^

2 errors

	at com.kms.katalon.core.main.ScriptEngine.getScript(ScriptEngine.java:199)
	at com.kms.katalon.core.main.ScriptEngine.run(ScriptEngine.java:194)
	at com.kms.katalon.core.main.ScriptEngine.runScriptAsRawText(ScriptEngine.java:119)
	at com.kms.katalon.core.main.TestCaseExecutor.runScript(TestCaseExecutor.java:442)
	at com.kms.katalon.core.main.TestCaseExecutor.doExecute(TestCaseExecutor.java:433)
	at com.kms.katalon.core.main.TestCaseExecutor.processExecutionPhase(TestCaseExecutor.java:412)
	at com.kms.katalon.core.main.TestCaseExecutor.accessMainPhase(TestCaseExecutor.java:404)
	at com.kms.katalon.core.main.TestCaseExecutor.execute(TestCaseExecutor.java:281)
	at com.kms.katalon.core.main.TestSuiteExecutor.accessTestCaseMainPhase(TestSuiteExecutor.java:202)
	at com.kms.katalon.core.main.TestSuiteExecutor.accessTestSuiteMainPhase(TestSuiteExecutor.java:164)
	at com.kms.katalon.core.main.TestSuiteExecutor.execute(TestSuiteExecutor.java:105)
	at com.kms.katalon.core.main.TestCaseMain.startTestSuite(TestCaseMain.java:185)
	at com.kms.katalon.core.main.TestCaseMain$startTestSuite$0.call(Unknown Source)
	at TempTestSuite1645524203977.run(TempTestSuite1645524203977.groovy:36)]]></system-out>
      <system-err><![CDATA[2022-02-22 15:33:33 - [TEST_SUITE][ERROR] - Regression Test Suite: Test Cases/Main Test Cases/TC20_Verify User Should Not Able To Select Past Date FAILED.
Reason:
org.codehaus.groovy.control.MultipleCompilationErrorsException: startup failed:
file:/C:/Users/LENOVO/git/CrossCountry/Scripts/Main%20Test%20Cases/TC20_Verify%20User%20Should%20Not%20Able%20To%20Select%20Past%20Date/Script1645427387222.groovy: 36: unable to resolve class SimpleDateFormat 
 @ line 36, column 18.
   SimpleDateFormat format = new SimpleDateFormat('yyyy-MM-dd')
                    ^

file:/C:/Users/LENOVO/git/CrossCountry/Scripts/Main%20Test%20Cases/TC20_Verify%20User%20Should%20Not%20Able%20To%20Select%20Past%20Date/Script1645427387222.groovy: 36: unable to resolve class SimpleDateFormat 
 @ line 36, column 27.
   SimpleDateFormat format = new SimpleDateFormat('yyyy-MM-dd')
                             ^

2 errors

	at com.kms.katalon.core.main.ScriptEngine.getScript(ScriptEngine.java:199)
	at com.kms.katalon.core.main.ScriptEngine.run(ScriptEngine.java:194)
	at com.kms.katalon.core.main.ScriptEngine.runScriptAsRawText(ScriptEngine.java:119)
	at com.kms.katalon.core.main.TestCaseExecutor.runScript(TestCaseExecutor.java:442)
	at com.kms.katalon.core.main.TestCaseExecutor.doExecute(TestCaseExecutor.java:433)
	at com.kms.katalon.core.main.TestCaseExecutor.processExecutionPhase(TestCaseExecutor.java:412)
	at com.kms.katalon.core.main.TestCaseExecutor.accessMainPhase(TestCaseExecutor.java:404)
	at com.kms.katalon.core.main.TestCaseExecutor.execute(TestCaseExecutor.java:281)
	at com.kms.katalon.core.main.TestSuiteExecutor.accessTestCaseMainPhase(TestSuiteExecutor.java:202)
	at com.kms.katalon.core.main.TestSuiteExecutor.accessTestSuiteMainPhase(TestSuiteExecutor.java:164)
	at com.kms.katalon.core.main.TestSuiteExecutor.execute(TestSuiteExecutor.java:105)
	at com.kms.katalon.core.main.TestCaseMain.startTestSuite(TestCaseMain.java:185)
	at com.kms.katalon.core.main.TestCaseMain$startTestSuite$0.call(Unknown Source)
	at TempTestSuite1645524203977.run(TempTestSuite1645524203977.groovy:36)]]></system-err>
   </testsuite>
</testsuites>
